<?xml version="1.0" encoding="UTF-8"?>
<!-- Generated by org.testng.reporters.JUnitXMLReporter -->
<testsuite ignored="0" hostname="pop-os" failures="0" tests="5" name="column Test" time="25.119" errors="0" timestamp="2025-01-23T16:27:09 EET">
  <testcase classname="com.crm.Dashboard.TestDashboardSearch" name="signIn" time="4.655"/>
  <testcase classname="com.crm.Dashboard.TestDashboardSearch" name="signIn" time="4.463"/>
  <testcase classname="com.crm.Dashboard.TestDashboardSearch" name="signIn" time="4.496"/>
  <testcase classname="com.crm.Dashboard.TestDashboardSearch" name="signIn" time="4.281"/>
  <testcase classname="com.crm.Dashboard.TestDashboardSearch" name="signIn" time="4.317"/>
</testsuite> <!-- column Test -->
