<?xml version="1.0" encoding="UTF-8"?>
<!-- Generated by org.testng.reporters.JUnitXMLReporter -->
<testsuite ignored="0" hostname="pop-os" failures="2" tests="19" name="column Test" time="250.341" errors="0" timestamp="2025-01-23T11:08:00 EET">
  <testcase classname="com.crm.ClientTest.SpendAndTotalSpendTest" name="signIn" time="13.093"/>
  <testcase classname="com.crm.ClientTest.SpendAndTotalSpendTest" name="signIn" time="12.259"/>
  <testcase classname="com.crm.ClientTest.SpendAndTotalSpendTest" name="signIn" time="12.307"/>
  <testcase classname="com.crm.ClientTest.SpendAndTotalSpendTest" name="signIn" time="12.819"/>
  <testcase classname="com.crm.ClientTest.SpendAndTotalSpendTest" name="signIn" time="12.513"/>
  <testcase classname="com.crm.ClientTest.SpendAndTotalSpendTest" name="signIn" time="13.268"/>
  <testcase classname="com.crm.ClientTest.SpendAndTotalSpendTest" name="signIn" time="12.398">
    <failure type="java.lang.AssertionError" message="Value under &amp;apos;Total Spent&amp;apos; should not be empty expected [false] but found [true]">
      <![CDATA[java.lang.AssertionError: Value under 'Total Spent' should not be empty expected [false] but found [true]
at com.crm.ClientTest.SpendAndTotalSpendTest.signIn(SpendAndTotalSpendTest.java:73)
at java.base/java.util.ArrayList.forEach(ArrayList.java:1596)
... Removed 32 stack frames]]>
    </failure>
  </testcase> <!-- signIn -->
  <testcase classname="com.crm.ClientTest.SpendAndTotalSpendTest" name="signIn" time="12.175"/>
  <testcase classname="com.crm.ClientTest.SpendAndTotalSpendTest" name="signIn" time="12.75"/>
  <testcase classname="com.crm.ClientTest.SpendAndTotalSpendTest" name="signIn" time="12.686"/>
  <testcase classname="com.crm.ClientTest.SpendAndTotalSpendTest" name="signIn" time="12.869"/>
  <testcase classname="com.crm.ClientTest.SpendAndTotalSpendTest" name="signIn" time="12.394">
    <failure type="java.lang.AssertionError" message="&amp;apos;Total Spent&amp;apos; header was not found in the table expected [true] but found [false]">
      <![CDATA[java.lang.AssertionError: 'Total Spent' header was not found in the table expected [true] but found [false]
at com.crm.ClientTest.SpendAndTotalSpendTest.signIn(SpendAndTotalSpendTest.java:81)
at java.base/java.util.ArrayList.forEach(ArrayList.java:1596)
... Removed 32 stack frames]]>
    </failure>
  </testcase> <!-- signIn -->
  <testcase classname="com.crm.ClientTest.SpendAndTotalSpendTest" name="signIn" time="12.67"/>
  <testcase classname="com.crm.ClientTest.SpendAndTotalSpendTest" name="signIn" time="13.561"/>
  <testcase classname="com.crm.ClientTest.SpendAndTotalSpendTest" name="signIn" time="12.687"/>
  <testcase classname="com.crm.ClientTest.SpendAndTotalSpendTest" name="signIn" time="12.783"/>
  <testcase classname="com.crm.ClientTest.SpendAndTotalSpendTest" name="signIn" time="12.688"/>
  <testcase classname="com.crm.ClientTest.SpendAndTotalSpendTest" name="signIn" time="12.879"/>
  <testcase classname="com.crm.ClientTest.SpendAndTotalSpendTest" name="signIn" time="12.737"/>
</testsuite> <!-- column Test -->
