<?xml version="1.0" encoding="UTF-8"?>
<!-- Generated by org.testng.reporters.JUnitXMLReporter -->
<testsuite ignored="0" hostname="pop-os" failures="0" tests="6" name="Batch Account Test" time="158.672" errors="0" timestamp="2025-02-11T12:25:36 EET">
  <testcase classname="com.crm.BatchAccounts.CreateAndOrderTableSettings" name="signIn" time="28.389"/>
  <testcase classname="com.crm.BatchAccounts.CreateAndOrderTableSettings" name="signIn" time="28.388"/>
  <testcase classname="com.crm.BatchAccounts.CreateAndOrderTableSettings" name="signIn" time="28.414"/>
  <testcase classname="com.crm.BatchAccounts.DeleteTableSettings" name="signIn" time="24.003"/>
  <testcase classname="com.crm.BatchAccounts.DeleteTableSettings" name="signIn" time="23.808"/>
  <testcase classname="com.crm.BatchAccounts.DeleteTableSettings" name="signIn" time="23.897"/>
</testsuite> <!-- Batch Account Test -->
