<?xml version="1.0" encoding="UTF-8"?>
<!-- Generated by org.testng.reporters.JUnitXMLReporter -->
<testsuite ignored="0" hostname="kali" failures="0" tests="15" name="Batch Accounts Test" time="6.489" errors="0" timestamp="2025-04-16T13:27:19 EEST">
  <testcase classname="com.crm.BatchAccounts.CreateAndOrderTableSettingsTest" name="@BeforeMethod setUp" time="1.055">
    <failure type="java.lang.IllegalArgumentException" message="Fișierul nu a fost găsit: src/test/java/com/resources/configfiles/locators.properties">
      <![CDATA[java.lang.IllegalArgumentException: Fișierul nu a fost găsit: src/test/java/com/resources/configfiles/locators.properties
at com.Base.BaseTest.loadProperties(BaseTest.java:56)
at com.Base.BaseTest.setUp(BaseTest.java:43)
at com.crm.BatchAccounts.CreateAndOrderTableSettingsTest.setUp(CreateAndOrderTableSettingsTest.java:32)
at java.base/java.util.ArrayList.forEach(ArrayList.java:1596)
... Removed 33 stack frames]]>
    </failure>
  </testcase> <!-- @BeforeMethod setUp -->
  <testcase classname="com.Base.BaseTest" name="@AfterMethod tearDown" time="0.0">
    <skipped/>
  </testcase> <!-- @AfterMethod tearDown -->
  <testcase classname="com.crm.BatchAccounts.CreateAndOrderTableSettingsTest" name="@BeforeMethod setUp" time="0.0">
    <skipped/>
  </testcase> <!-- @BeforeMethod setUp -->
  <testcase classname="com.Base.BaseTest" name="@AfterMethod tearDown" time="0.0">
    <skipped/>
  </testcase> <!-- @AfterMethod tearDown -->
  <testcase classname="com.crm.BatchAccounts.CreateAndOrderTableSettingsTest" name="@BeforeMethod setUp" time="0.0">
    <skipped/>
  </testcase> <!-- @BeforeMethod setUp -->
  <testcase classname="com.Base.BaseTest" name="@AfterMethod tearDown" time="0.0">
    <skipped/>
  </testcase> <!-- @AfterMethod tearDown -->
  <testcase classname="com.crm.BatchAccounts.CreateAccountBatchTest" name="@BeforeMethod setUp" time="0.992">
    <failure type="java.lang.IllegalArgumentException" message="Fișierul nu a fost găsit: src/test/java/com/resources/configfiles/locators.properties">
      <![CDATA[java.lang.IllegalArgumentException: Fișierul nu a fost găsit: src/test/java/com/resources/configfiles/locators.properties
at com.Base.BaseTest.loadProperties(BaseTest.java:56)
at com.Base.BaseTest.setUp(BaseTest.java:43)
at com.crm.BatchAccounts.CreateAccountBatchTest.setUp(CreateAccountBatchTest.java:31)
at java.base/java.util.ArrayList.forEach(ArrayList.java:1596)
... Removed 33 stack frames]]>
    </failure>
  </testcase> <!-- @BeforeMethod setUp -->
  <testcase classname="com.Base.BaseTest" name="@AfterMethod tearDown" time="0.0">
    <skipped/>
  </testcase> <!-- @AfterMethod tearDown -->
  <testcase classname="com.crm.BatchAccounts.CreateAccountBatchTest" name="@BeforeMethod setUp" time="0.0">
    <skipped/>
  </testcase> <!-- @BeforeMethod setUp -->
  <testcase classname="com.Base.BaseTest" name="@AfterMethod tearDown" time="0.0">
    <skipped/>
  </testcase> <!-- @AfterMethod tearDown -->
  <testcase classname="com.crm.BatchAccounts.CreateAccountBatchTest" name="@BeforeMethod setUp" time="0.0">
    <skipped/>
  </testcase> <!-- @BeforeMethod setUp -->
  <testcase classname="com.Base.BaseTest" name="@AfterMethod tearDown" time="0.0">
    <skipped/>
  </testcase> <!-- @AfterMethod tearDown -->
  <testcase classname="com.crm.BatchAccounts.UpdateBatchAccountTest" name="@BeforeMethod setUp" time="1.097">
    <failure type="java.lang.IllegalArgumentException" message="Fișierul nu a fost găsit: src/test/java/com/resources/configfiles/locators.properties">
      <![CDATA[java.lang.IllegalArgumentException: Fișierul nu a fost găsit: src/test/java/com/resources/configfiles/locators.properties
at com.Base.BaseTest.loadProperties(BaseTest.java:56)
at com.Base.BaseTest.setUp(BaseTest.java:43)
at com.crm.BatchAccounts.UpdateBatchAccountTest.setUp(UpdateBatchAccountTest.java:27)
at java.base/java.util.ArrayList.forEach(ArrayList.java:1596)
... Removed 33 stack frames]]>
    </failure>
  </testcase> <!-- @BeforeMethod setUp -->
  <testcase classname="com.Base.BaseTest" name="@AfterMethod tearDown" time="0.0">
    <skipped/>
  </testcase> <!-- @AfterMethod tearDown -->
  <testcase classname="com.crm.BatchAccounts.UpdateBatchAccountTest" name="@BeforeMethod setUp" time="0.0">
    <skipped/>
  </testcase> <!-- @BeforeMethod setUp -->
  <testcase classname="com.Base.BaseTest" name="@AfterMethod tearDown" time="0.0">
    <skipped/>
  </testcase> <!-- @AfterMethod tearDown -->
  <testcase classname="com.crm.BatchAccounts.UpdateBatchAccountTest" name="@BeforeMethod setUp" time="0.0">
    <skipped/>
  </testcase> <!-- @BeforeMethod setUp -->
  <testcase classname="com.Base.BaseTest" name="@AfterMethod tearDown" time="0.0">
    <skipped/>
  </testcase> <!-- @AfterMethod tearDown -->
  <testcase classname="com.crm.BatchAccounts.FindAndDeleteBatchAccountTest" name="@BeforeMethod setUp" time="1.99">
    <failure type="java.lang.IllegalArgumentException" message="Fișierul nu a fost găsit: src/test/java/com/resources/configfiles/locators.properties">
      <![CDATA[java.lang.IllegalArgumentException: Fișierul nu a fost găsit: src/test/java/com/resources/configfiles/locators.properties
at com.Base.BaseTest.loadProperties(BaseTest.java:56)
at com.Base.BaseTest.setUp(BaseTest.java:43)
at com.crm.BatchAccounts.FindAndDeleteBatchAccountTest.setUp(FindAndDeleteBatchAccountTest.java:25)
at java.base/java.util.ArrayList.forEach(ArrayList.java:1596)
... Removed 33 stack frames]]>
    </failure>
  </testcase> <!-- @BeforeMethod setUp -->
  <testcase classname="com.Base.BaseTest" name="@AfterMethod tearDown" time="0.0">
    <skipped/>
  </testcase> <!-- @AfterMethod tearDown -->
  <testcase classname="com.crm.BatchAccounts.FindAndDeleteBatchAccountTest" name="@BeforeMethod setUp" time="0.0">
    <skipped/>
  </testcase> <!-- @BeforeMethod setUp -->
  <testcase classname="com.Base.BaseTest" name="@AfterMethod tearDown" time="0.0">
    <skipped/>
  </testcase> <!-- @AfterMethod tearDown -->
  <testcase classname="com.crm.BatchAccounts.FindAndDeleteBatchAccountTest" name="@BeforeMethod setUp" time="0.0">
    <skipped/>
  </testcase> <!-- @BeforeMethod setUp -->
  <testcase classname="com.Base.BaseTest" name="@AfterMethod tearDown" time="0.0">
    <skipped/>
  </testcase> <!-- @AfterMethod tearDown -->
  <testcase classname="com.crm.BatchAccounts.DeleteTableSettingsTest" name="@BeforeMethod setUp" time="1.305">
    <failure type="java.lang.IllegalArgumentException" message="Fișierul nu a fost găsit: src/test/java/com/resources/configfiles/locators.properties">
      <![CDATA[java.lang.IllegalArgumentException: Fișierul nu a fost găsit: src/test/java/com/resources/configfiles/locators.properties
at com.Base.BaseTest.loadProperties(BaseTest.java:56)
at com.Base.BaseTest.setUp(BaseTest.java:43)
at com.crm.BatchAccounts.DeleteTableSettingsTest.setUp(DeleteTableSettingsTest.java:31)
at java.base/java.util.ArrayList.forEach(ArrayList.java:1596)
... Removed 33 stack frames]]>
    </failure>
  </testcase> <!-- @BeforeMethod setUp -->
  <testcase classname="com.Base.BaseTest" name="@AfterMethod tearDown" time="0.0">
    <skipped/>
  </testcase> <!-- @AfterMethod tearDown -->
  <testcase classname="com.crm.BatchAccounts.DeleteTableSettingsTest" name="@BeforeMethod setUp" time="0.0">
    <skipped/>
  </testcase> <!-- @BeforeMethod setUp -->
  <testcase classname="com.Base.BaseTest" name="@AfterMethod tearDown" time="0.0">
    <skipped/>
  </testcase> <!-- @AfterMethod tearDown -->
  <testcase classname="com.crm.BatchAccounts.DeleteTableSettingsTest" name="@BeforeMethod setUp" time="0.0">
    <skipped/>
  </testcase> <!-- @BeforeMethod setUp -->
  <testcase classname="com.Base.BaseTest" name="@AfterMethod tearDown" time="0.0">
    <skipped/>
  </testcase> <!-- @AfterMethod tearDown -->
  <testcase classname="com.crm.BatchAccounts.CreateAndOrderTableSettingsTest" name="signIn" time="0.0">
    <skipped/>
  </testcase> <!-- signIn -->
  <testcase classname="com.crm.BatchAccounts.CreateAndOrderTableSettingsTest" name="signIn" time="0.0">
    <skipped/>
  </testcase> <!-- signIn -->
  <testcase classname="com.crm.BatchAccounts.CreateAndOrderTableSettingsTest" name="signIn" time="0.0">
    <skipped/>
  </testcase> <!-- signIn -->
  <testcase classname="com.crm.BatchAccounts.CreateAccountBatchTest" name="signIn" time="0.0">
    <skipped/>
  </testcase> <!-- signIn -->
  <testcase classname="com.crm.BatchAccounts.CreateAccountBatchTest" name="signIn" time="0.0">
    <skipped/>
  </testcase> <!-- signIn -->
  <testcase classname="com.crm.BatchAccounts.CreateAccountBatchTest" name="signIn" time="0.0">
    <skipped/>
  </testcase> <!-- signIn -->
  <testcase classname="com.crm.BatchAccounts.UpdateBatchAccountTest" name="signIn" time="0.0">
    <skipped/>
  </testcase> <!-- signIn -->
  <testcase classname="com.crm.BatchAccounts.UpdateBatchAccountTest" name="signIn" time="0.0">
    <skipped/>
  </testcase> <!-- signIn -->
  <testcase classname="com.crm.BatchAccounts.UpdateBatchAccountTest" name="signIn" time="0.0">
    <skipped/>
  </testcase> <!-- signIn -->
  <testcase classname="com.crm.BatchAccounts.FindAndDeleteBatchAccountTest" name="signIn" time="0.0">
    <skipped/>
  </testcase> <!-- signIn -->
  <testcase classname="com.crm.BatchAccounts.FindAndDeleteBatchAccountTest" name="signIn" time="0.0">
    <skipped/>
  </testcase> <!-- signIn -->
  <testcase classname="com.crm.BatchAccounts.FindAndDeleteBatchAccountTest" name="signIn" time="0.0">
    <skipped/>
  </testcase> <!-- signIn -->
  <testcase classname="com.crm.BatchAccounts.DeleteTableSettingsTest" name="signIn" time="0.0">
    <skipped/>
  </testcase> <!-- signIn -->
  <testcase classname="com.crm.BatchAccounts.DeleteTableSettingsTest" name="signIn" time="0.0">
    <skipped/>
  </testcase> <!-- signIn -->
  <testcase classname="com.crm.BatchAccounts.DeleteTableSettingsTest" name="signIn" time="0.0">
    <skipped/>
  </testcase> <!-- signIn -->
</testsuite> <!-- Batch Accounts Test -->
