<?xml version="1.0" encoding="UTF-8"?>
<!-- Generated by org.testng.reporters.JUnitXMLReporter -->
<testsuite ignored="0" hostname="pop-os" failures="0" tests="3" name="Facebook Accounts Test" time="65.537" errors="0" timestamp="2025-03-19T16:12:38 EET">
  <testcase classname="com.crm.FacebookAccounts.CreateFacebookAccountTest" name="signIn" time="25.088"/>
  <testcase classname="com.crm.FacebookAccounts.UpdateFacebookAccountTest" name="signIn" time="25.786"/>
  <testcase classname="com.crm.FacebookAccounts.FindAndDeleteFacebookAccountTest" name="signIn" time="12.711"/>
</testsuite> <!-- Facebook Accounts Test -->
