<?xml version="1.0" encoding="UTF-8"?>
<!-- Generated by org.testng.reporters.JUnitXMLReporter -->
<testsuite ignored="0" hostname="kali" failures="0" tests="2" name="Google Accounts Test" time="39.48" errors="0" timestamp="2025-04-16T15:21:44 EEST">
  <testcase classname="com.crm.GoogleAccounts.CreateGoogleAccountTest" name="signIn" time="18.704"/>
  <testcase classname="com.crm.GoogleAccounts.FindAndDeleteGoogleAccountTest" name="signIn" time="17.584"/>
</testsuite> <!-- Google Accounts Test -->
