<?xml version="1.0" encoding="UTF-8"?>
<testsuite name="TestNGTest-d227cb71-6e04-41b5-ac7f-f9ded86a7a00"
           tests="2"
           failures="0"
           errors="0"
           skipped="0"
           time="116.779">
    <properties></properties>



            <testcase
                name="signIn"
                time="57.837"
                classname="com.crm.TestSgCampaigns">
            </testcase>
            <testcase
                name="signIn"
                time="58.942"
                classname="com.crm.TestSgCampaigns">
            </testcase>
</testsuite>
