<?xml version="1.0" encoding="UTF-8"?>
<testsuite name="TestNGTest-0ad8baeb-ddda-4054-adc7-ca95df22c8c6"
           tests="2"
           failures="0"
           errors="0"
           skipped="0"
           time="158.728">
    <properties></properties>



            <testcase
                name="signIn"
                time="79.317"
                classname="com.crm.AccountProxy">
            </testcase>
            <testcase
                name="signIn"
                time="79.411"
                classname="com.crm.AccountProxy">
            </testcase>
</testsuite>
