<?xml version="1.0" encoding="UTF-8"?>
<testsuite name="TestNGTest-f6a6f60b-bc13-4a8e-a742-f7eb63b44655"
           tests="2"
           failures="0"
           errors="0"
           skipped="0"
           time="90.456">
    <properties></properties>



            <testcase
                name="signIn"
                time="45.118"
                classname="com.crm.AccountProxy">
            </testcase>
            <testcase
                name="signIn"
                time="45.338"
                classname="com.crm.AccountProxy">
            </testcase>
</testsuite>
