<?xml version="1.0" encoding="UTF-8"?>
<testsuite name="TestNGTest-e3a418fe-2161-4255-b8e9-7676ef69fbee"
           tests="2"
           failures="2"
           errors="0"
           skipped="0"
           time="61.728">
    <properties></properties>

            <testcase
                name="signIn"
                time="31.997"
                classname="com.crm.AccountProxy">

            <failure type="java.lang.IllegalArgumentException" message="Keys to send should be a not null CharSequence">
                <![CDATA[java.lang.IllegalArgumentException: Keys to send should be a not null CharSequence
                org.openqa.selenium.remote.RemoteWebElement.sendKeys(RemoteWebElement.java:96)com.crm.AccountProxy.signIn(AccountProxy.java:170)java.base/jdk.internal.reflect.NativeMethodAccessorImpl.invoke0(Native Method)java.base/jdk.internal.reflect.NativeMethodAccessorImpl.invoke(NativeMethodAccessorImpl.java:77)java.base/jdk.internal.reflect.DelegatingMethodAccessorImpl.invoke(DelegatingMethodAccessorImpl.java:43)java.base/java.lang.reflect.Method.invoke(Method.java:568)org.testng.internal.MethodInvocationHelper.invokeMethod(MethodInvocationHelper.java:133)org.testng.internal.TestInvoker.invokeMethod(TestInvoker.java:584)org.testng.internal.TestInvoker.invokeTestMethod(TestInvoker.java:172)org.testng.internal.MethodRunner.runInSequence(MethodRunner.java:46)org.testng.internal.TestInvoker$MethodInvocationAgent.invoke(TestInvoker.java:804)org.testng.internal.TestInvoker.invokeTestMethods(TestInvoker.java:145)org.testng.internal.TestMethodWorker.invokeTestMethods(TestMethodWorker.java:146)org.testng.internal.TestMethodWorker.run(TestMethodWorker.java:128)java.base/java.util.ArrayList.forEach(ArrayList.java:1511)org.testng.TestRunner.privateRun(TestRunner.java:770)org.testng.TestRunner.run(TestRunner.java:591)org.testng.SuiteRunner.runTest(SuiteRunner.java:402)org.testng.SuiteRunner.runSequentially(SuiteRunner.java:396)org.testng.SuiteRunner.privateRun(SuiteRunner.java:355)org.testng.SuiteRunner.run(SuiteRunner.java:304)org.testng.SuiteRunnerWorker.runSuite(SuiteRunnerWorker.java:53)org.testng.SuiteRunnerWorker.run(SuiteRunnerWorker.java:96)org.testng.TestNG.runSuitesSequentially(TestNG.java:1180)org.testng.TestNG.runSuitesLocally(TestNG.java:1102)org.testng.TestNG.runSuites(TestNG.java:1032)org.testng.TestNG.run(TestNG.java:1000)com.microsoft.java.test.runner.testng.TestNGRunner.run(TestNGRunner.java:45)com.microsoft.java.test.runner.testng.TestNGLauncher.execute(TestNGLauncher.java:32)com.microsoft.java.test.runner.Launcher.main(Launcher.java:57)
]]>
            </failure>
    </testcase>
            <testcase
                name="signIn"
                time="29.731"
                classname="com.crm.AccountProxy">

            <failure type="org.openqa.selenium.ElementClickInterceptedException" message="element click intercepted: Element &lt;button class=&quot;dt-button btn btn-primary small btn-sm animated bounceIn&quot; tabindex=&quot;0&quot; aria-controls=&quot;proxies-list&quot; type=&quot;button&quot; title=&quot;Columns Table Settings&quot;&gt;...&lt;/button&gt; is not clickable at point (278, 84). Other element would receive the click: &lt;div class=&quot;modal show&quot; id=&quot;edit-accounts-proxy-modal&quot; tabindex=&quot;-1&quot; role=&quot;dialog&quot; aria-labelledby=&quot;modal-block-extra-large&quot; item-id=&quot;1077&quot; aria-modal=&quot;true&quot; style=&quot;padding-right: 15px; display: block;&quot;&gt;...&lt;/div&gt;
  (Session info: chrome=126.0.6478.61)
Build info: version: &apos;4.21.0&apos;, revision: &apos;79ed462ef4&apos;
System info: os.name: &apos;Linux&apos;, os.arch: &apos;amd64&apos;, os.version: &apos;6.8.0-76060800daily20240311-generic&apos;, java.version: &apos;17.0.6&apos;
Driver info: org.openqa.selenium.chrome.ChromeDriver
Command: [cef6b47587cfa605bee0ba74e1b7aec5, clickElement {id=f.5ACFBA743339354F6C1803F6BA03BAFD.d.D4C640403CF83A7A43516B92F2F62316.e.1975}]
Capabilities {acceptInsecureCerts: false, browserName: chrome, browserVersion: 126.0.6478.61, chrome: {chromedriverVersion: 126.0.6478.61 (8dc092df54ce..., userDataDir: /tmp/.org.chromium.Chromium...}, fedcm:accounts: true, goog:chromeOptions: {debuggerAddress: localhost:34141}, networkConnectionEnabled: false, pageLoadStrategy: normal, platformName: linux, proxy: Proxy(), se:cdp: ws://localhost:34141/devtoo..., se:cdpVersion: 126.0.6478.61, setWindowRect: true, strictFileInteractability: false, timeouts: {implicit: 0, pageLoad: 300000, script: 30000}, unhandledPromptBehavior: dismiss and notify, webauthn:extension:credBlob: true, webauthn:extension:largeBlob: true, webauthn:extension:minPinLength: true, webauthn:extension:prf: true, webauthn:virtualAuthenticators: true}
Element: [[ChromeDriver: chrome on linux (cef6b47587cfa605bee0ba74e1b7aec5)] -&gt; css selector: button.dt-button.btn.btn-primary.small.btn-sm.animated.bounceIn]
Session ID: cef6b47587cfa605bee0ba74e1b7aec5">
                <![CDATA[org.openqa.selenium.ElementClickInterceptedException: element click intercepted: Element <button class="dt-button btn btn-primary small btn-sm animated bounceIn" tabindex="0" aria-controls="proxies-list" type="button" title="Columns Table Settings">...</button> is not clickable at point (278, 84). Other element would receive the click: <div class="modal show" id="edit-accounts-proxy-modal" tabindex="-1" role="dialog" aria-labelledby="modal-block-extra-large" item-id="1077" aria-modal="true" style="padding-right: 15px; display: block;">...</div>
  (Session info: chrome=126.0.6478.61)
Build info: version: '4.21.0', revision: '79ed462ef4'
System info: os.name: 'Linux', os.arch: 'amd64', os.version: '6.8.0-76060800daily20240311-generic', java.version: '17.0.6'
Driver info: org.openqa.selenium.chrome.ChromeDriver
Command: [cef6b47587cfa605bee0ba74e1b7aec5, clickElement {id=f.5ACFBA743339354F6C1803F6BA03BAFD.d.D4C640403CF83A7A43516B92F2F62316.e.1975}]
Capabilities {acceptInsecureCerts: false, browserName: chrome, browserVersion: 126.0.6478.61, chrome: {chromedriverVersion: 126.0.6478.61 (8dc092df54ce..., userDataDir: /tmp/.org.chromium.Chromium...}, fedcm:accounts: true, goog:chromeOptions: {debuggerAddress: localhost:34141}, networkConnectionEnabled: false, pageLoadStrategy: normal, platformName: linux, proxy: Proxy(), se:cdp: ws://localhost:34141/devtoo..., se:cdpVersion: 126.0.6478.61, setWindowRect: true, strictFileInteractability: false, timeouts: {implicit: 0, pageLoad: 300000, script: 30000}, unhandledPromptBehavior: dismiss and notify, webauthn:extension:credBlob: true, webauthn:extension:largeBlob: true, webauthn:extension:minPinLength: true, webauthn:extension:prf: true, webauthn:virtualAuthenticators: true}
Element: [[ChromeDriver: chrome on linux (cef6b47587cfa605bee0ba74e1b7aec5)] -> css selector: button.dt-button.btn.btn-primary.small.btn-sm.animated.bounceIn]
Session ID: cef6b47587cfa605bee0ba74e1b7aec5
                java.base/jdk.internal.reflect.NativeConstructorAccessorImpl.newInstance0(Native Method)java.base/jdk.internal.reflect.NativeConstructorAccessorImpl.newInstance(NativeConstructorAccessorImpl.java:77)java.base/jdk.internal.reflect.DelegatingConstructorAccessorImpl.newInstance(DelegatingConstructorAccessorImpl.java:45)java.base/java.lang.reflect.Constructor.newInstanceWithCaller(Constructor.java:499)java.base/java.lang.reflect.Constructor.newInstance(Constructor.java:480)org.openqa.selenium.remote.ErrorCodec.decode(ErrorCodec.java:167)org.openqa.selenium.remote.codec.w3c.W3CHttpResponseCodec.decode(W3CHttpResponseCodec.java:138)org.openqa.selenium.remote.codec.w3c.W3CHttpResponseCodec.decode(W3CHttpResponseCodec.java:50)org.openqa.selenium.remote.HttpCommandExecutor.execute(HttpCommandExecutor.java:190)org.openqa.selenium.remote.service.DriverCommandExecutor.invokeExecute(DriverCommandExecutor.java:216)org.openqa.selenium.remote.service.DriverCommandExecutor.execute(DriverCommandExecutor.java:174)org.openqa.selenium.remote.RemoteWebDriver.execute(RemoteWebDriver.java:518)org.openqa.selenium.remote.RemoteWebElement.execute(RemoteWebElement.java:223)org.openqa.selenium.remote.RemoteWebElement.click(RemoteWebElement.java:76)com.crm.AccountProxy.signIn(AccountProxy.java:164)java.base/jdk.internal.reflect.NativeMethodAccessorImpl.invoke0(Native Method)java.base/jdk.internal.reflect.NativeMethodAccessorImpl.invoke(NativeMethodAccessorImpl.java:77)java.base/jdk.internal.reflect.DelegatingMethodAccessorImpl.invoke(DelegatingMethodAccessorImpl.java:43)java.base/java.lang.reflect.Method.invoke(Method.java:568)org.testng.internal.MethodInvocationHelper.invokeMethod(MethodInvocationHelper.java:133)org.testng.internal.TestInvoker.invokeMethod(TestInvoker.java:584)org.testng.internal.TestInvoker.invokeTestMethod(TestInvoker.java:172)org.testng.internal.MethodRunner.runInSequence(MethodRunner.java:46)org.testng.internal.TestInvoker$MethodInvocationAgent.invoke(TestInvoker.java:804)org.testng.internal.TestInvoker.invokeTestMethods(TestInvoker.java:145)org.testng.internal.TestMethodWorker.invokeTestMethods(TestMethodWorker.java:146)org.testng.internal.TestMethodWorker.run(TestMethodWorker.java:128)java.base/java.util.ArrayList.forEach(ArrayList.java:1511)org.testng.TestRunner.privateRun(TestRunner.java:770)org.testng.TestRunner.run(TestRunner.java:591)org.testng.SuiteRunner.runTest(SuiteRunner.java:402)org.testng.SuiteRunner.runSequentially(SuiteRunner.java:396)org.testng.SuiteRunner.privateRun(SuiteRunner.java:355)org.testng.SuiteRunner.run(SuiteRunner.java:304)org.testng.SuiteRunnerWorker.runSuite(SuiteRunnerWorker.java:53)org.testng.SuiteRunnerWorker.run(SuiteRunnerWorker.java:96)org.testng.TestNG.runSuitesSequentially(TestNG.java:1180)org.testng.TestNG.runSuitesLocally(TestNG.java:1102)org.testng.TestNG.runSuites(TestNG.java:1032)org.testng.TestNG.run(TestNG.java:1000)com.microsoft.java.test.runner.testng.TestNGRunner.run(TestNGRunner.java:45)com.microsoft.java.test.runner.testng.TestNGLauncher.execute(TestNGLauncher.java:32)com.microsoft.java.test.runner.Launcher.main(Launcher.java:57)
]]>
            </failure>
    </testcase>


</testsuite>
