<?xml version="1.0" encoding="UTF-8"?>
<testsuite name="TestNGTest-7c25e2b4-298b-4aea-9814-54c3773f5703"
           tests="2"
           failures="0"
           errors="0"
           skipped="0"
           time="177.159">
    <properties></properties>



            <testcase
                name="signIn"
                time="88.534"
                classname="com.crm.AccountSource">
            </testcase>
            <testcase
                name="signIn"
                time="88.625"
                classname="com.crm.AccountSource">
            </testcase>
</testsuite>
