<?xml version="1.0" encoding="UTF-8"?>
<testsuite name="TestNGTest-ac083d02-bb1b-4c08-8154-97b41bc24e45"
           tests="2"
           failures="0"
           errors="0"
           skipped="0"
           time="161.469">
    <properties></properties>



            <testcase
                name="signIn"
                time="80.923"
                classname="com.crm.AccountProxy">
            </testcase>
            <testcase
                name="signIn"
                time="80.546"
                classname="com.crm.AccountProxy">
            </testcase>
</testsuite>
