<?xml version="1.0" encoding="UTF-8"?>
<testsuite name="TestNGTest-ddb96f93-a582-4383-9352-8fb4ffd83397"
           tests="2"
           failures="0"
           errors="0"
           skipped="0"
           time="22.280">
    <properties></properties>



            <testcase
                name="signIn"
                time="11.012"
                classname="com.crm.TestSgCampaigns">
            </testcase>
            <testcase
                name="signIn"
                time="11.268"
                classname="com.crm.TestSgCampaigns">
            </testcase>
</testsuite>
