<?xml version="1.0" encoding="UTF-8"?>
<testsuite name="Google Accounts Test"
           tests="4"
           failures="0"
           errors="0"
           skipped="0"
           time="69.997">
    <properties></properties>



            <testcase
                name="signIn"
                time="17.450"
                classname="com.crm.GoogleAccounts.DownloadCSV">
            </testcase>
            <testcase
                name="signIn"
                time="17.440"
                classname="com.crm.GoogleAccounts.DownloadCSV">
            </testcase>
            <testcase
                name="signIn"
                time="17.516"
                classname="com.crm.GoogleAccounts.DownloadCSV">
            </testcase>
            <testcase
                name="signIn"
                time="17.591"
                classname="com.crm.GoogleAccounts.DownloadCSV">
            </testcase>
</testsuite>
