<?xml version="1.0" encoding="UTF-8"?>
<testsuite name="TestNGTest-edaa19d0-6a27-472b-9521-33217ead78fe"
           tests="2"
           failures="0"
           errors="0"
           skipped="0"
           time="298.486">
    <properties></properties>



            <testcase
                name="signIn"
                time="149.032"
                classname="com.crm.ATMR">
            </testcase>
            <testcase
                name="signIn"
                time="149.454"
                classname="com.crm.ATMR">
            </testcase>
</testsuite>
