<?xml version="1.0" encoding="UTF-8"?>
<testsuite name="TestNGTest-7c25e2b4-298b-4aea-9814-54c3773f5703"
           tests="2"
           failures="0"
           errors="0"
           skipped="0"
           time="320.082">
    <properties></properties>



            <testcase
                name="signIn"
                time="154.628"
                classname="com.crm.ATMR">
            </testcase>
            <testcase
                name="signIn"
                time="165.454"
                classname="com.crm.ATMR">
            </testcase>
</testsuite>
