<?xml version="1.0" encoding="UTF-8"?>
<testsuite name="Google Accounts Test"
           tests="4"
           failures="0"
           errors="0"
           skipped="0"
           time="115.038">
    <properties></properties>



            <testcase
                name="signIn"
                time="29.004"
                classname="com.crm.GoogleAccounts.CreateAndOrderTableSettings">
            </testcase>
            <testcase
                name="signIn"
                time="28.723"
                classname="com.crm.GoogleAccounts.CreateAndOrderTableSettings">
            </testcase>
            <testcase
                name="signIn"
                time="28.648"
                classname="com.crm.GoogleAccounts.CreateAndOrderTableSettings">
            </testcase>
            <testcase
                name="signIn"
                time="28.663"
                classname="com.crm.GoogleAccounts.CreateAndOrderTableSettings">
            </testcase>
</testsuite>
