<?xml version="1.0" encoding="UTF-8"?>
<testsuite name="TestNGTest-34410cd1-d2d8-45f9-a10a-704e9f19093e"
           tests="2"
           failures="2"
           errors="0"
           skipped="0"
           time="147.141">
    <properties></properties>

            <testcase
                name="signIn"
                time="63.253"
                classname="com.crm.ATMR">

            <failure type="org.openqa.selenium.ElementClickInterceptedException" message="element click intercepted: Element &lt;button class=&quot;dt-button btn button-settings buttons-html5 btn-primary small btn-sm&quot; tabindex=&quot;0&quot; aria-controls=&quot;google-at-mr-campaigns-list&quot; type=&quot;button&quot; title=&quot;Columns Table Settings&quot;&gt;...&lt;/button&gt; is not clickable at point (272, 84). Other element would receive the click: &lt;div class=&quot;modal show&quot; id=&quot;google-at-mr-campaigns-list-export-modal&quot; tabindex=&quot;-1&quot; role=&quot;dialog&quot; aria-labelledby=&quot;modal-block-extra-large&quot; aria-modal=&quot;true&quot; style=&quot;padding-right: 15px; display: block;&quot;&gt;...&lt;/div&gt;
  (Session info: chrome=127.0.6533.88)
Build info: version: &apos;4.21.0&apos;, revision: &apos;79ed462ef4&apos;
System info: os.name: &apos;Linux&apos;, os.arch: &apos;amd64&apos;, os.version: &apos;6.9.3-76060903-generic&apos;, java.version: &apos;17.0.6&apos;
Driver info: org.openqa.selenium.chrome.ChromeDriver
Command: [739ed297c4b2cf7b2cfd53f9d645b1f6, clickElement {id=f.96AA8C97572666026853950E07496D79.d.41EC3F87B09C33D583D02EAAEEAA47CE.e.1991}]
Capabilities {acceptInsecureCerts: false, browserName: chrome, browserVersion: 127.0.6533.88, chrome: {chromedriverVersion: 127.0.6533.88 (a2d0cb026721..., userDataDir: /tmp/.org.chromium.Chromium...}, fedcm:accounts: true, goog:chromeOptions: {debuggerAddress: localhost:44313}, networkConnectionEnabled: false, pageLoadStrategy: normal, platformName: linux, proxy: Proxy(), se:cdp: ws://localhost:44313/devtoo..., se:cdpVersion: 127.0.6533.88, setWindowRect: true, strictFileInteractability: false, timeouts: {implicit: 0, pageLoad: 300000, script: 30000}, unhandledPromptBehavior: dismiss and notify, webauthn:extension:credBlob: true, webauthn:extension:largeBlob: true, webauthn:extension:minPinLength: true, webauthn:extension:prf: true, webauthn:virtualAuthenticators: true}
Element: [[ChromeDriver: chrome on linux (739ed297c4b2cf7b2cfd53f9d645b1f6)] -&gt; css selector: button.dt-button:nth-child(3)]
Session ID: 739ed297c4b2cf7b2cfd53f9d645b1f6">
                <![CDATA[org.openqa.selenium.ElementClickInterceptedException: element click intercepted: Element <button class="dt-button btn button-settings buttons-html5 btn-primary small btn-sm" tabindex="0" aria-controls="google-at-mr-campaigns-list" type="button" title="Columns Table Settings">...</button> is not clickable at point (272, 84). Other element would receive the click: <div class="modal show" id="google-at-mr-campaigns-list-export-modal" tabindex="-1" role="dialog" aria-labelledby="modal-block-extra-large" aria-modal="true" style="padding-right: 15px; display: block;">...</div>
  (Session info: chrome=127.0.6533.88)
Build info: version: '4.21.0', revision: '79ed462ef4'
System info: os.name: 'Linux', os.arch: 'amd64', os.version: '6.9.3-76060903-generic', java.version: '17.0.6'
Driver info: org.openqa.selenium.chrome.ChromeDriver
Command: [739ed297c4b2cf7b2cfd53f9d645b1f6, clickElement {id=f.96AA8C97572666026853950E07496D79.d.41EC3F87B09C33D583D02EAAEEAA47CE.e.1991}]
Capabilities {acceptInsecureCerts: false, browserName: chrome, browserVersion: 127.0.6533.88, chrome: {chromedriverVersion: 127.0.6533.88 (a2d0cb026721..., userDataDir: /tmp/.org.chromium.Chromium...}, fedcm:accounts: true, goog:chromeOptions: {debuggerAddress: localhost:44313}, networkConnectionEnabled: false, pageLoadStrategy: normal, platformName: linux, proxy: Proxy(), se:cdp: ws://localhost:44313/devtoo..., se:cdpVersion: 127.0.6533.88, setWindowRect: true, strictFileInteractability: false, timeouts: {implicit: 0, pageLoad: 300000, script: 30000}, unhandledPromptBehavior: dismiss and notify, webauthn:extension:credBlob: true, webauthn:extension:largeBlob: true, webauthn:extension:minPinLength: true, webauthn:extension:prf: true, webauthn:virtualAuthenticators: true}
Element: [[ChromeDriver: chrome on linux (739ed297c4b2cf7b2cfd53f9d645b1f6)] -> css selector: button.dt-button:nth-child(3)]
Session ID: 739ed297c4b2cf7b2cfd53f9d645b1f6
                java.base/jdk.internal.reflect.NativeConstructorAccessorImpl.newInstance0(Native Method)java.base/jdk.internal.reflect.NativeConstructorAccessorImpl.newInstance(NativeConstructorAccessorImpl.java:77)java.base/jdk.internal.reflect.DelegatingConstructorAccessorImpl.newInstance(DelegatingConstructorAccessorImpl.java:45)java.base/java.lang.reflect.Constructor.newInstanceWithCaller(Constructor.java:499)java.base/java.lang.reflect.Constructor.newInstance(Constructor.java:480)org.openqa.selenium.remote.ErrorCodec.decode(ErrorCodec.java:167)org.openqa.selenium.remote.codec.w3c.W3CHttpResponseCodec.decode(W3CHttpResponseCodec.java:138)org.openqa.selenium.remote.codec.w3c.W3CHttpResponseCodec.decode(W3CHttpResponseCodec.java:50)org.openqa.selenium.remote.HttpCommandExecutor.execute(HttpCommandExecutor.java:190)org.openqa.selenium.remote.service.DriverCommandExecutor.invokeExecute(DriverCommandExecutor.java:216)org.openqa.selenium.remote.service.DriverCommandExecutor.execute(DriverCommandExecutor.java:174)org.openqa.selenium.remote.RemoteWebDriver.execute(RemoteWebDriver.java:518)org.openqa.selenium.remote.RemoteWebElement.execute(RemoteWebElement.java:223)org.openqa.selenium.remote.RemoteWebElement.click(RemoteWebElement.java:76)com.crm.ATMR.deleteTableSettings(ATMR.java:149)com.crm.ATMR.signIn(ATMR.java:44)java.base/jdk.internal.reflect.NativeMethodAccessorImpl.invoke0(Native Method)java.base/jdk.internal.reflect.NativeMethodAccessorImpl.invoke(NativeMethodAccessorImpl.java:77)java.base/jdk.internal.reflect.DelegatingMethodAccessorImpl.invoke(DelegatingMethodAccessorImpl.java:43)java.base/java.lang.reflect.Method.invoke(Method.java:568)org.testng.internal.invokers.MethodInvocationHelper.invokeMethod(MethodInvocationHelper.java:136)org.testng.internal.invokers.TestInvoker.invokeMethod(TestInvoker.java:658)org.testng.internal.invokers.TestInvoker.invokeTestMethod(TestInvoker.java:219)org.testng.internal.invokers.MethodRunner.runInSequence(MethodRunner.java:50)org.testng.internal.invokers.TestInvoker$MethodInvocationAgent.invoke(TestInvoker.java:923)org.testng.internal.invokers.TestInvoker.invokeTestMethods(TestInvoker.java:192)org.testng.internal.invokers.TestMethodWorker.invokeTestMethods(TestMethodWorker.java:146)org.testng.internal.invokers.TestMethodWorker.run(TestMethodWorker.java:128)java.base/java.util.ArrayList.forEach(ArrayList.java:1511)org.testng.TestRunner.privateRun(TestRunner.java:808)org.testng.TestRunner.run(TestRunner.java:603)org.testng.SuiteRunner.runTest(SuiteRunner.java:429)org.testng.SuiteRunner.runSequentially(SuiteRunner.java:423)org.testng.SuiteRunner.privateRun(SuiteRunner.java:383)org.testng.SuiteRunner.run(SuiteRunner.java:326)org.testng.SuiteRunnerWorker.runSuite(SuiteRunnerWorker.java:52)org.testng.SuiteRunnerWorker.run(SuiteRunnerWorker.java:95)org.testng.TestNG.runSuitesSequentially(TestNG.java:1249)org.testng.TestNG.runSuitesLocally(TestNG.java:1169)org.testng.TestNG.runSuites(TestNG.java:1092)org.testng.TestNG.run(TestNG.java:1060)com.microsoft.java.test.runner.testng.TestNGRunner.run(TestNGRunner.java:45)com.microsoft.java.test.runner.testng.TestNGLauncher.execute(TestNGLauncher.java:32)com.microsoft.java.test.runner.Launcher.main(Launcher.java:57)
]]>
            </failure>
    </testcase>
            <testcase
                name="signIn"
                time="83.888"
                classname="com.crm.ATMR">

            <failure type="org.openqa.selenium.ElementClickInterceptedException" message="element click intercepted: Element &lt;button class=&quot;dt-button btn button-settings buttons-html5 btn-primary small btn-sm&quot; tabindex=&quot;0&quot; aria-controls=&quot;google-at-mr-campaigns-list&quot; type=&quot;button&quot; title=&quot;Columns Table Settings&quot;&gt;...&lt;/button&gt; is not clickable at point (272, 84). Other element would receive the click: &lt;div class=&quot;modal show&quot; id=&quot;google-at-mr-campaigns-list-export-modal&quot; tabindex=&quot;-1&quot; role=&quot;dialog&quot; aria-labelledby=&quot;modal-block-extra-large&quot; aria-modal=&quot;true&quot; style=&quot;padding-right: 15px; display: block;&quot;&gt;...&lt;/div&gt;
  (Session info: chrome=127.0.6533.88)
Build info: version: &apos;4.21.0&apos;, revision: &apos;79ed462ef4&apos;
System info: os.name: &apos;Linux&apos;, os.arch: &apos;amd64&apos;, os.version: &apos;6.9.3-76060903-generic&apos;, java.version: &apos;17.0.6&apos;
Driver info: org.openqa.selenium.chrome.ChromeDriver
Command: [0451b6ea3d7837f08ae069d9465b0f55, clickElement {id=f.3E580350473758C040561E16D34C9F7A.d.E1AAB1ADCAF3020CA8781197F5C33A98.e.2548}]
Capabilities {acceptInsecureCerts: false, browserName: chrome, browserVersion: 127.0.6533.88, chrome: {chromedriverVersion: 127.0.6533.88 (a2d0cb026721..., userDataDir: /tmp/.org.chromium.Chromium...}, fedcm:accounts: true, goog:chromeOptions: {debuggerAddress: localhost:33475}, networkConnectionEnabled: false, pageLoadStrategy: normal, platformName: linux, proxy: Proxy(), se:cdp: ws://localhost:33475/devtoo..., se:cdpVersion: 127.0.6533.88, setWindowRect: true, strictFileInteractability: false, timeouts: {implicit: 0, pageLoad: 300000, script: 30000}, unhandledPromptBehavior: dismiss and notify, webauthn:extension:credBlob: true, webauthn:extension:largeBlob: true, webauthn:extension:minPinLength: true, webauthn:extension:prf: true, webauthn:virtualAuthenticators: true}
Element: [[ChromeDriver: chrome on linux (0451b6ea3d7837f08ae069d9465b0f55)] -&gt; css selector: button.dt-button:nth-child(3)]
Session ID: 0451b6ea3d7837f08ae069d9465b0f55">
                <![CDATA[org.openqa.selenium.ElementClickInterceptedException: element click intercepted: Element <button class="dt-button btn button-settings buttons-html5 btn-primary small btn-sm" tabindex="0" aria-controls="google-at-mr-campaigns-list" type="button" title="Columns Table Settings">...</button> is not clickable at point (272, 84). Other element would receive the click: <div class="modal show" id="google-at-mr-campaigns-list-export-modal" tabindex="-1" role="dialog" aria-labelledby="modal-block-extra-large" aria-modal="true" style="padding-right: 15px; display: block;">...</div>
  (Session info: chrome=127.0.6533.88)
Build info: version: '4.21.0', revision: '79ed462ef4'
System info: os.name: 'Linux', os.arch: 'amd64', os.version: '6.9.3-76060903-generic', java.version: '17.0.6'
Driver info: org.openqa.selenium.chrome.ChromeDriver
Command: [0451b6ea3d7837f08ae069d9465b0f55, clickElement {id=f.3E580350473758C040561E16D34C9F7A.d.E1AAB1ADCAF3020CA8781197F5C33A98.e.2548}]
Capabilities {acceptInsecureCerts: false, browserName: chrome, browserVersion: 127.0.6533.88, chrome: {chromedriverVersion: 127.0.6533.88 (a2d0cb026721..., userDataDir: /tmp/.org.chromium.Chromium...}, fedcm:accounts: true, goog:chromeOptions: {debuggerAddress: localhost:33475}, networkConnectionEnabled: false, pageLoadStrategy: normal, platformName: linux, proxy: Proxy(), se:cdp: ws://localhost:33475/devtoo..., se:cdpVersion: 127.0.6533.88, setWindowRect: true, strictFileInteractability: false, timeouts: {implicit: 0, pageLoad: 300000, script: 30000}, unhandledPromptBehavior: dismiss and notify, webauthn:extension:credBlob: true, webauthn:extension:largeBlob: true, webauthn:extension:minPinLength: true, webauthn:extension:prf: true, webauthn:virtualAuthenticators: true}
Element: [[ChromeDriver: chrome on linux (0451b6ea3d7837f08ae069d9465b0f55)] -> css selector: button.dt-button:nth-child(3)]
Session ID: 0451b6ea3d7837f08ae069d9465b0f55
                java.base/jdk.internal.reflect.NativeConstructorAccessorImpl.newInstance0(Native Method)java.base/jdk.internal.reflect.NativeConstructorAccessorImpl.newInstance(NativeConstructorAccessorImpl.java:77)java.base/jdk.internal.reflect.DelegatingConstructorAccessorImpl.newInstance(DelegatingConstructorAccessorImpl.java:45)java.base/java.lang.reflect.Constructor.newInstanceWithCaller(Constructor.java:499)java.base/java.lang.reflect.Constructor.newInstance(Constructor.java:480)org.openqa.selenium.remote.ErrorCodec.decode(ErrorCodec.java:167)org.openqa.selenium.remote.codec.w3c.W3CHttpResponseCodec.decode(W3CHttpResponseCodec.java:138)org.openqa.selenium.remote.codec.w3c.W3CHttpResponseCodec.decode(W3CHttpResponseCodec.java:50)org.openqa.selenium.remote.HttpCommandExecutor.execute(HttpCommandExecutor.java:190)org.openqa.selenium.remote.service.DriverCommandExecutor.invokeExecute(DriverCommandExecutor.java:216)org.openqa.selenium.remote.service.DriverCommandExecutor.execute(DriverCommandExecutor.java:174)org.openqa.selenium.remote.RemoteWebDriver.execute(RemoteWebDriver.java:518)org.openqa.selenium.remote.RemoteWebElement.execute(RemoteWebElement.java:223)org.openqa.selenium.remote.RemoteWebElement.click(RemoteWebElement.java:76)com.crm.ATMR.deleteTableSettings(ATMR.java:149)com.crm.ATMR.signIn(ATMR.java:44)java.base/jdk.internal.reflect.NativeMethodAccessorImpl.invoke0(Native Method)java.base/jdk.internal.reflect.NativeMethodAccessorImpl.invoke(NativeMethodAccessorImpl.java:77)java.base/jdk.internal.reflect.DelegatingMethodAccessorImpl.invoke(DelegatingMethodAccessorImpl.java:43)java.base/java.lang.reflect.Method.invoke(Method.java:568)org.testng.internal.invokers.MethodInvocationHelper.invokeMethod(MethodInvocationHelper.java:136)org.testng.internal.invokers.TestInvoker.invokeMethod(TestInvoker.java:658)org.testng.internal.invokers.TestInvoker.invokeTestMethod(TestInvoker.java:219)org.testng.internal.invokers.MethodRunner.runInSequence(MethodRunner.java:50)org.testng.internal.invokers.TestInvoker$MethodInvocationAgent.invoke(TestInvoker.java:923)org.testng.internal.invokers.TestInvoker.invokeTestMethods(TestInvoker.java:192)org.testng.internal.invokers.TestMethodWorker.invokeTestMethods(TestMethodWorker.java:146)org.testng.internal.invokers.TestMethodWorker.run(TestMethodWorker.java:128)java.base/java.util.ArrayList.forEach(ArrayList.java:1511)org.testng.TestRunner.privateRun(TestRunner.java:808)org.testng.TestRunner.run(TestRunner.java:603)org.testng.SuiteRunner.runTest(SuiteRunner.java:429)org.testng.SuiteRunner.runSequentially(SuiteRunner.java:423)org.testng.SuiteRunner.privateRun(SuiteRunner.java:383)org.testng.SuiteRunner.run(SuiteRunner.java:326)org.testng.SuiteRunnerWorker.runSuite(SuiteRunnerWorker.java:52)org.testng.SuiteRunnerWorker.run(SuiteRunnerWorker.java:95)org.testng.TestNG.runSuitesSequentially(TestNG.java:1249)org.testng.TestNG.runSuitesLocally(TestNG.java:1169)org.testng.TestNG.runSuites(TestNG.java:1092)org.testng.TestNG.run(TestNG.java:1060)com.microsoft.java.test.runner.testng.TestNGRunner.run(TestNGRunner.java:45)com.microsoft.java.test.runner.testng.TestNGLauncher.execute(TestNGLauncher.java:32)com.microsoft.java.test.runner.Launcher.main(Launcher.java:57)
]]>
            </failure>
    </testcase>


</testsuite>
