<?xml version="1.0" encoding="UTF-8"?>
<testsuite name="TestNGTest-edc91ce3-fc49-4f02-9abd-d906fd6a532e"
           tests="2"
           failures="0"
           errors="0"
           skipped="0"
           time="208.705">
    <properties></properties>



            <testcase
                name="signIn"
                time="104.019"
                classname="com.crm.AccountProxy">
            </testcase>
            <testcase
                name="signIn"
                time="104.686"
                classname="com.crm.AccountProxy">
            </testcase>
</testsuite>
