<?xml version="1.0" encoding="UTF-8"?>
<testsuite name="TestNGTest-84ed9d5d-3ad3-449f-85dc-983d8c1ab19d"
           tests="2"
           failures="0"
           errors="0"
           skipped="0"
           time="111.736">
    <properties></properties>



            <testcase
                name="signIn"
                time="55.900"
                classname="com.crm.TestATMR">
            </testcase>
            <testcase
                name="signIn"
                time="55.836"
                classname="com.crm.TestATMR">
            </testcase>
</testsuite>
