<?xml version="1.0" encoding="UTF-8"?>
<testsuite name="TestNGTest-41f73dbe-d0bc-4a6a-8060-8c211d8ffb6a"
           tests="2"
           failures="2"
           errors="0"
           skipped="0"
           time="49.981">
    <properties></properties>

            <testcase
                name="signIn"
                time="32.637"
                classname="com.crm.AccountProxy">

            <failure type="org.openqa.selenium.ElementClickInterceptedException" message="element click intercepted: Element &lt;button class=&quot;dt-button btn button-settings buttons-html5 btn-primary small btn-sm&quot; tabindex=&quot;0&quot; aria-controls=&quot;proxies-list&quot; type=&quot;button&quot; title=&quot;Columns Table Settings&quot;&gt;...&lt;/button&gt; is not clickable at point (272, 84). Other element would receive the click: &lt;div class=&quot;modal show&quot; id=&quot;edit-accounts-proxy-modal&quot; tabindex=&quot;-1&quot; role=&quot;dialog&quot; aria-labelledby=&quot;modal-block-extra-large&quot; item-id=&quot;1073&quot; aria-modal=&quot;true&quot; style=&quot;padding-right: 15px; display: block;&quot;&gt;...&lt;/div&gt;
  (Session info: chrome=127.0.6533.72)
Build info: version: &apos;4.21.0&apos;, revision: &apos;79ed462ef4&apos;
System info: os.name: &apos;Linux&apos;, os.arch: &apos;amd64&apos;, os.version: &apos;6.9.3-76060903-generic&apos;, java.version: &apos;17.0.6&apos;
Driver info: org.openqa.selenium.chrome.ChromeDriver
Command: [be8fcedc811a48d356ff1e95b7d78b0b, clickElement {id=f.FEBBCFF88E1B87015CF71DE0B48214F3.d.FE2AA075962FFAF3EAAEB5C380242236.e.1889}]
Capabilities {acceptInsecureCerts: false, browserName: chrome, browserVersion: 127.0.6533.72, chrome: {chromedriverVersion: 127.0.6533.72 (9755e24ca85a..., userDataDir: /tmp/.org.chromium.Chromium...}, fedcm:accounts: true, goog:chromeOptions: {debuggerAddress: localhost:39343}, networkConnectionEnabled: false, pageLoadStrategy: normal, platformName: linux, proxy: Proxy(), se:cdp: ws://localhost:39343/devtoo..., se:cdpVersion: 127.0.6533.72, setWindowRect: true, strictFileInteractability: false, timeouts: {implicit: 0, pageLoad: 300000, script: 30000}, unhandledPromptBehavior: dismiss and notify, webauthn:extension:credBlob: true, webauthn:extension:largeBlob: true, webauthn:extension:minPinLength: true, webauthn:extension:prf: true, webauthn:virtualAuthenticators: true}
Element: [[ChromeDriver: chrome on linux (be8fcedc811a48d356ff1e95b7d78b0b)] -&gt; css selector: button.dt-button:nth-child(3)]
Session ID: be8fcedc811a48d356ff1e95b7d78b0b">
                <![CDATA[org.openqa.selenium.ElementClickInterceptedException: element click intercepted: Element <button class="dt-button btn button-settings buttons-html5 btn-primary small btn-sm" tabindex="0" aria-controls="proxies-list" type="button" title="Columns Table Settings">...</button> is not clickable at point (272, 84). Other element would receive the click: <div class="modal show" id="edit-accounts-proxy-modal" tabindex="-1" role="dialog" aria-labelledby="modal-block-extra-large" item-id="1073" aria-modal="true" style="padding-right: 15px; display: block;">...</div>
  (Session info: chrome=127.0.6533.72)
Build info: version: '4.21.0', revision: '79ed462ef4'
System info: os.name: 'Linux', os.arch: 'amd64', os.version: '6.9.3-76060903-generic', java.version: '17.0.6'
Driver info: org.openqa.selenium.chrome.ChromeDriver
Command: [be8fcedc811a48d356ff1e95b7d78b0b, clickElement {id=f.FEBBCFF88E1B87015CF71DE0B48214F3.d.FE2AA075962FFAF3EAAEB5C380242236.e.1889}]
Capabilities {acceptInsecureCerts: false, browserName: chrome, browserVersion: 127.0.6533.72, chrome: {chromedriverVersion: 127.0.6533.72 (9755e24ca85a..., userDataDir: /tmp/.org.chromium.Chromium...}, fedcm:accounts: true, goog:chromeOptions: {debuggerAddress: localhost:39343}, networkConnectionEnabled: false, pageLoadStrategy: normal, platformName: linux, proxy: Proxy(), se:cdp: ws://localhost:39343/devtoo..., se:cdpVersion: 127.0.6533.72, setWindowRect: true, strictFileInteractability: false, timeouts: {implicit: 0, pageLoad: 300000, script: 30000}, unhandledPromptBehavior: dismiss and notify, webauthn:extension:credBlob: true, webauthn:extension:largeBlob: true, webauthn:extension:minPinLength: true, webauthn:extension:prf: true, webauthn:virtualAuthenticators: true}
Element: [[ChromeDriver: chrome on linux (be8fcedc811a48d356ff1e95b7d78b0b)] -> css selector: button.dt-button:nth-child(3)]
Session ID: be8fcedc811a48d356ff1e95b7d78b0b
                java.base/jdk.internal.reflect.NativeConstructorAccessorImpl.newInstance0(Native Method)java.base/jdk.internal.reflect.NativeConstructorAccessorImpl.newInstance(NativeConstructorAccessorImpl.java:77)java.base/jdk.internal.reflect.DelegatingConstructorAccessorImpl.newInstance(DelegatingConstructorAccessorImpl.java:45)java.base/java.lang.reflect.Constructor.newInstanceWithCaller(Constructor.java:499)java.base/java.lang.reflect.Constructor.newInstance(Constructor.java:480)org.openqa.selenium.remote.ErrorCodec.decode(ErrorCodec.java:167)org.openqa.selenium.remote.codec.w3c.W3CHttpResponseCodec.decode(W3CHttpResponseCodec.java:138)org.openqa.selenium.remote.codec.w3c.W3CHttpResponseCodec.decode(W3CHttpResponseCodec.java:50)org.openqa.selenium.remote.HttpCommandExecutor.execute(HttpCommandExecutor.java:190)org.openqa.selenium.remote.service.DriverCommandExecutor.invokeExecute(DriverCommandExecutor.java:216)org.openqa.selenium.remote.service.DriverCommandExecutor.execute(DriverCommandExecutor.java:174)org.openqa.selenium.remote.RemoteWebDriver.execute(RemoteWebDriver.java:518)org.openqa.selenium.remote.RemoteWebElement.execute(RemoteWebElement.java:223)org.openqa.selenium.remote.RemoteWebElement.click(RemoteWebElement.java:76)com.crm.AccountProxy.createTableSettings(AccountProxy.java:140)com.crm.AccountProxy.signIn(AccountProxy.java:44)java.base/jdk.internal.reflect.NativeMethodAccessorImpl.invoke0(Native Method)java.base/jdk.internal.reflect.NativeMethodAccessorImpl.invoke(NativeMethodAccessorImpl.java:77)java.base/jdk.internal.reflect.DelegatingMethodAccessorImpl.invoke(DelegatingMethodAccessorImpl.java:43)java.base/java.lang.reflect.Method.invoke(Method.java:568)org.testng.internal.MethodInvocationHelper.invokeMethod(MethodInvocationHelper.java:133)org.testng.internal.TestInvoker.invokeMethod(TestInvoker.java:584)org.testng.internal.TestInvoker.invokeTestMethod(TestInvoker.java:172)org.testng.internal.MethodRunner.runInSequence(MethodRunner.java:46)org.testng.internal.TestInvoker$MethodInvocationAgent.invoke(TestInvoker.java:804)org.testng.internal.TestInvoker.invokeTestMethods(TestInvoker.java:145)org.testng.internal.TestMethodWorker.invokeTestMethods(TestMethodWorker.java:146)org.testng.internal.TestMethodWorker.run(TestMethodWorker.java:128)java.base/java.util.ArrayList.forEach(ArrayList.java:1511)org.testng.TestRunner.privateRun(TestRunner.java:770)org.testng.TestRunner.run(TestRunner.java:591)org.testng.SuiteRunner.runTest(SuiteRunner.java:402)org.testng.SuiteRunner.runSequentially(SuiteRunner.java:396)org.testng.SuiteRunner.privateRun(SuiteRunner.java:355)org.testng.SuiteRunner.run(SuiteRunner.java:304)org.testng.SuiteRunnerWorker.runSuite(SuiteRunnerWorker.java:53)org.testng.SuiteRunnerWorker.run(SuiteRunnerWorker.java:96)org.testng.TestNG.runSuitesSequentially(TestNG.java:1180)org.testng.TestNG.runSuitesLocally(TestNG.java:1102)org.testng.TestNG.runSuites(TestNG.java:1032)org.testng.TestNG.run(TestNG.java:1000)com.microsoft.java.test.runner.testng.TestNGRunner.run(TestNGRunner.java:45)com.microsoft.java.test.runner.testng.TestNGLauncher.execute(TestNGLauncher.java:32)com.microsoft.java.test.runner.Launcher.main(Launcher.java:57)
]]>
            </failure>
    </testcase>
            <testcase
                name="signIn"
                time="17.344"
                classname="com.crm.AccountProxy">

            <failure type="org.openqa.selenium.ElementClickInterceptedException" message="element click intercepted: Element &lt;input class=&quot;form-check-input&quot; type=&quot;checkbox&quot; row-actions-checkbox-1073=&quot;&quot;&gt; is not clickable at point (150, 185). Other element would receive the click: &lt;div class=&quot;modal show&quot; id=&quot;create-accounts-proxy-modal&quot; tabindex=&quot;-1&quot; role=&quot;dialog&quot; aria-labelledby=&quot;modal-block-extra-large&quot; item-id=&quot;null&quot; aria-modal=&quot;true&quot; style=&quot;padding-right: 15px; display: block;&quot;&gt;...&lt;/div&gt;
  (Session info: chrome=127.0.6533.72)
Build info: version: &apos;4.21.0&apos;, revision: &apos;79ed462ef4&apos;
System info: os.name: &apos;Linux&apos;, os.arch: &apos;amd64&apos;, os.version: &apos;6.9.3-76060903-generic&apos;, java.version: &apos;17.0.6&apos;
Driver info: org.openqa.selenium.chrome.ChromeDriver
Command: [3dd4b223d82e4282d19a2ec3ef9a1e6c, clickElement {id=f.00F0394AC8FD57E630A2331223AC5E90.d.0C9493E1750C70C4B05C0C18B576B3CC.e.855}]
Capabilities {acceptInsecureCerts: false, browserName: chrome, browserVersion: 127.0.6533.72, chrome: {chromedriverVersion: 127.0.6533.72 (9755e24ca85a..., userDataDir: /tmp/.org.chromium.Chromium...}, fedcm:accounts: true, goog:chromeOptions: {debuggerAddress: localhost:45157}, networkConnectionEnabled: false, pageLoadStrategy: normal, platformName: linux, proxy: Proxy(), se:cdp: ws://localhost:45157/devtoo..., se:cdpVersion: 127.0.6533.72, setWindowRect: true, strictFileInteractability: false, timeouts: {implicit: 0, pageLoad: 300000, script: 30000}, unhandledPromptBehavior: dismiss and notify, webauthn:extension:credBlob: true, webauthn:extension:largeBlob: true, webauthn:extension:minPinLength: true, webauthn:extension:prf: true, webauthn:virtualAuthenticators: true}
Element: [[ChromeDriver: chrome on linux (3dd4b223d82e4282d19a2ec3ef9a1e6c)] -&gt; xpath: /html/body/div[2]/main/div[2]/div/div/div/div[2]/div[2]/div/div/div/div[3]/div[2]/table/tbody/tr[1]/td[1]/div/input]
Session ID: 3dd4b223d82e4282d19a2ec3ef9a1e6c">
                <![CDATA[org.openqa.selenium.ElementClickInterceptedException: element click intercepted: Element <input class="form-check-input" type="checkbox" row-actions-checkbox-1073=""> is not clickable at point (150, 185). Other element would receive the click: <div class="modal show" id="create-accounts-proxy-modal" tabindex="-1" role="dialog" aria-labelledby="modal-block-extra-large" item-id="null" aria-modal="true" style="padding-right: 15px; display: block;">...</div>
  (Session info: chrome=127.0.6533.72)
Build info: version: '4.21.0', revision: '79ed462ef4'
System info: os.name: 'Linux', os.arch: 'amd64', os.version: '6.9.3-76060903-generic', java.version: '17.0.6'
Driver info: org.openqa.selenium.chrome.ChromeDriver
Command: [3dd4b223d82e4282d19a2ec3ef9a1e6c, clickElement {id=f.00F0394AC8FD57E630A2331223AC5E90.d.0C9493E1750C70C4B05C0C18B576B3CC.e.855}]
Capabilities {acceptInsecureCerts: false, browserName: chrome, browserVersion: 127.0.6533.72, chrome: {chromedriverVersion: 127.0.6533.72 (9755e24ca85a..., userDataDir: /tmp/.org.chromium.Chromium...}, fedcm:accounts: true, goog:chromeOptions: {debuggerAddress: localhost:45157}, networkConnectionEnabled: false, pageLoadStrategy: normal, platformName: linux, proxy: Proxy(), se:cdp: ws://localhost:45157/devtoo..., se:cdpVersion: 127.0.6533.72, setWindowRect: true, strictFileInteractability: false, timeouts: {implicit: 0, pageLoad: 300000, script: 30000}, unhandledPromptBehavior: dismiss and notify, webauthn:extension:credBlob: true, webauthn:extension:largeBlob: true, webauthn:extension:minPinLength: true, webauthn:extension:prf: true, webauthn:virtualAuthenticators: true}
Element: [[ChromeDriver: chrome on linux (3dd4b223d82e4282d19a2ec3ef9a1e6c)] -> xpath: /html/body/div[2]/main/div[2]/div/div/div/div[2]/div[2]/div/div/div/div[3]/div[2]/table/tbody/tr[1]/td[1]/div/input]
Session ID: 3dd4b223d82e4282d19a2ec3ef9a1e6c
                java.base/jdk.internal.reflect.NativeConstructorAccessorImpl.newInstance0(Native Method)java.base/jdk.internal.reflect.NativeConstructorAccessorImpl.newInstance(NativeConstructorAccessorImpl.java:77)java.base/jdk.internal.reflect.DelegatingConstructorAccessorImpl.newInstance(DelegatingConstructorAccessorImpl.java:45)java.base/java.lang.reflect.Constructor.newInstanceWithCaller(Constructor.java:499)java.base/java.lang.reflect.Constructor.newInstance(Constructor.java:480)org.openqa.selenium.remote.ErrorCodec.decode(ErrorCodec.java:167)org.openqa.selenium.remote.codec.w3c.W3CHttpResponseCodec.decode(W3CHttpResponseCodec.java:138)org.openqa.selenium.remote.codec.w3c.W3CHttpResponseCodec.decode(W3CHttpResponseCodec.java:50)org.openqa.selenium.remote.HttpCommandExecutor.execute(HttpCommandExecutor.java:190)org.openqa.selenium.remote.service.DriverCommandExecutor.invokeExecute(DriverCommandExecutor.java:216)org.openqa.selenium.remote.service.DriverCommandExecutor.execute(DriverCommandExecutor.java:174)org.openqa.selenium.remote.RemoteWebDriver.execute(RemoteWebDriver.java:518)org.openqa.selenium.remote.RemoteWebElement.execute(RemoteWebElement.java:223)org.openqa.selenium.remote.RemoteWebElement.click(RemoteWebElement.java:76)com.crm.AccountProxy.updateProxy(AccountProxy.java:89)com.crm.AccountProxy.signIn(AccountProxy.java:43)java.base/jdk.internal.reflect.NativeMethodAccessorImpl.invoke0(Native Method)java.base/jdk.internal.reflect.NativeMethodAccessorImpl.invoke(NativeMethodAccessorImpl.java:77)java.base/jdk.internal.reflect.DelegatingMethodAccessorImpl.invoke(DelegatingMethodAccessorImpl.java:43)java.base/java.lang.reflect.Method.invoke(Method.java:568)org.testng.internal.MethodInvocationHelper.invokeMethod(MethodInvocationHelper.java:133)org.testng.internal.TestInvoker.invokeMethod(TestInvoker.java:584)org.testng.internal.TestInvoker.invokeTestMethod(TestInvoker.java:172)org.testng.internal.MethodRunner.runInSequence(MethodRunner.java:46)org.testng.internal.TestInvoker$MethodInvocationAgent.invoke(TestInvoker.java:804)org.testng.internal.TestInvoker.invokeTestMethods(TestInvoker.java:145)org.testng.internal.TestMethodWorker.invokeTestMethods(TestMethodWorker.java:146)org.testng.internal.TestMethodWorker.run(TestMethodWorker.java:128)java.base/java.util.ArrayList.forEach(ArrayList.java:1511)org.testng.TestRunner.privateRun(TestRunner.java:770)org.testng.TestRunner.run(TestRunner.java:591)org.testng.SuiteRunner.runTest(SuiteRunner.java:402)org.testng.SuiteRunner.runSequentially(SuiteRunner.java:396)org.testng.SuiteRunner.privateRun(SuiteRunner.java:355)org.testng.SuiteRunner.run(SuiteRunner.java:304)org.testng.SuiteRunnerWorker.runSuite(SuiteRunnerWorker.java:53)org.testng.SuiteRunnerWorker.run(SuiteRunnerWorker.java:96)org.testng.TestNG.runSuitesSequentially(TestNG.java:1180)org.testng.TestNG.runSuitesLocally(TestNG.java:1102)org.testng.TestNG.runSuites(TestNG.java:1032)org.testng.TestNG.run(TestNG.java:1000)com.microsoft.java.test.runner.testng.TestNGRunner.run(TestNGRunner.java:45)com.microsoft.java.test.runner.testng.TestNGLauncher.execute(TestNGLauncher.java:32)com.microsoft.java.test.runner.Launcher.main(Launcher.java:57)
]]>
            </failure>
    </testcase>


</testsuite>
