<?xml version="1.0" encoding="UTF-8"?>
<testsuite name="Download CSV Accounts Test"
           tests="3"
           failures="0"
           errors="0"
           skipped="0"
           time="52.866">
    <properties></properties>



            <testcase
                name="signIn"
                time="17.708"
                classname="com.crm.GoogleAccounts.DownloadCSV">
            </testcase>
            <testcase
                name="signIn"
                time="17.665"
                classname="com.crm.GoogleAccounts.DownloadCSV">
            </testcase>
            <testcase
                name="signIn"
                time="17.493"
                classname="com.crm.GoogleAccounts.DownloadCSV">
            </testcase>
</testsuite>
