<?xml version="1.0" encoding="UTF-8"?>
<testsuite name="Google V2 Test"
           tests="4"
           failures="0"
           errors="0"
           skipped="0"
           time="176.753">
    <properties></properties>



            <testcase
                name="signIn"
                time="44.769"
                classname="com.crm.GoogleAccounts.DeleteTableSettingsOtherGoogleTest">
            </testcase>
            <testcase
                name="signIn"
                time="44.142"
                classname="com.crm.GoogleAccounts.DeleteTableSettingsOtherGoogleTest">
            </testcase>
            <testcase
                name="signIn"
                time="44.368"
                classname="com.crm.GoogleAccounts.DeleteTableSettingsOtherGoogleTest">
            </testcase>
            <testcase
                name="signIn"
                time="43.474"
                classname="com.crm.GoogleAccounts.DeleteTableSettingsOtherGoogleTest">
            </testcase>
</testsuite>
