<?xml version="1.0" encoding="UTF-8"?>
<testsuite name="Google Accounts Test"
           tests="4"
           failures="0"
           errors="0"
           skipped="0"
           time="100.772">
    <properties></properties>



            <testcase
                name="signIn"
                time="25.109"
                classname="com.crm.GoogleAccounts.DeleteTableSettings">
            </testcase>
            <testcase
                name="signIn"
                time="25.099"
                classname="com.crm.GoogleAccounts.DeleteTableSettings">
            </testcase>
            <testcase
                name="signIn"
                time="25.034"
                classname="com.crm.GoogleAccounts.DeleteTableSettings">
            </testcase>
            <testcase
                name="signIn"
                time="25.530"
                classname="com.crm.GoogleAccounts.DeleteTableSettings">
            </testcase>
</testsuite>
