<?xml version="1.0" encoding="UTF-8"?>
<testsuite name="TestNGTest-070bdbe4-81a3-4604-a7e3-09d5172cd944"
           tests="2"
           failures="0"
           errors="0"
           skipped="0"
           time="129.686">
    <properties></properties>



            <testcase
                name="signIn"
                time="64.885"
                classname="com.crm.ProxySource">
            </testcase>
            <testcase
                name="signIn"
                time="64.801"
                classname="com.crm.ProxySource">
            </testcase>
</testsuite>
