<?xml version="1.0" encoding="UTF-8"?>
<testng-results ignored="0" total="18" passed="10" failed="8" skipped="0">
  <reporter-output>
    <line>
      <![CDATA[Utilizator victor.cristea@vebo.io s-a logat]]>
    </line>
    <line>
      <![CDATA[Debug Bar a fost ascuns]]>
    </line>
    <line>
      <![CDATA[Utilizatorul a navigat cu succes la pagina - Google accounts - iCRM v.37.71]]>
    </line>
    <line>
      <![CDATA[Header is empty for index 0
]]>
    </line>
    <line>
      <![CDATA[Name -> GoogleAccountNameTestJava
]]>
    </line>
    <line>
      <![CDATA[Status -> Active
]]>
    </line>
    <line>
      <![CDATA[Batch Name -> SuperADS
]]>
    </line>
    <line>
      <![CDATA[Price -> $30
]]>
    </line>
    <line>
      <![CDATA[Card Name -> UA-FDT-15 0904
]]>
    </line>
    <line>
      <![CDATA[Account Id -> 1234567890
]]>
    </line>
    <line>
      <![CDATA[Account Source -> FJ
]]>
    </line>
    <line>
      <![CDATA[First Last Name -> FirstNameTest LastNameTest
]]>
    </line>
    <line>
      <![CDATA[Source Delivery Date -> 2025-02-24
]]>
    </line>
    <line>
      <![CDATA[Login -> AutomationTestJavaUser
]]>
    </line>
    <line>
      <![CDATA[Password -> AutomationTestJavaPass
]]>
    </line>
    <line>
      <![CDATA[Proxy -> 93.89.220.67:12323:14acf158ac3e3:1955db5d81
]]>
    </line>
    <line>
      <![CDATA[Proxy Type -> Residential
]]>
    </line>
    <line>
      <![CDATA[Account RDP -> Download RDP File
]]>
    </line>
    <line>
      <![CDATA[Account Owner -> Dorin M
]]>
    </line>
    <line>
      <![CDATA[Account Domains -> poobest.com (-)
]]>
    </line>
    <line>
      <![CDATA[Domain -> poobest.com
]]>
    </line>
    <line>
      <![CDATA[MB Comments -> 1commentMB / 2commentsMB / 3commentsMB
]]>
    </line>
    <line>
      <![CDATA[Farmer -> -
]]>
    </line>
    <line>
      <![CDATA[Farmer Comments -> 1comment / 2comments / 3comments
]]>
    </line>
    <line>
      <![CDATA[Last Update -> 2025-02-24 16:33
]]>
    </line>
    <line>
      <![CDATA[Email Login -> AutomationEmail@Login
]]>
    </line>
    <line>
      <![CDATA[Email Password -> AutomationEmail@Password
]]>
    </line>
    <line>
      <![CDATA[Warming Cost -> -
]]>
    </line>
    <line>
      <![CDATA[Monthly Fees -> -
]]>
    </line>
    <line>
      <![CDATA[Revenue -> -
]]>
    </line>
    <line>
      <![CDATA[Profit -> -
]]>
    </line>
    <line>
      <![CDATA[Spend -> -
]]>
    </line>
    <line>
      <![CDATA[BH Spend -> -
]]>
    </line>
    <line>
      <![CDATA[Other Fees -> 1234
]]>
    </line>
    <line>
      <![CDATA[MB Delivery Date -> 2025-02-20 12:00:00
]]>
    </line>
    <line>
      <![CDATA[BH Date -> 2025-02-26
]]>
    </line>
    <line>
      <![CDATA[Ban Date -> -
]]>
    </line>
    <line>
      <![CDATA[Ban Reason -> -
]]>
    </line>
    <line>
      <![CDATA[Spend On Ban -> -
]]>
    </line>
    <line>
      <![CDATA[Under Review Reason -> -
]]>
    </line>
    <line>
      <![CDATA[Under Review Date -> -
]]>
    </line>
    <line>
      <![CDATA[Created At -> 2025-02-24 16:33:59
]]>
    </line>
    <line>
      <![CDATA[ID Verification -> 2025-02-26 12:00:00
]]>
    </line>
    <line>
      <![CDATA[2FA -> Copy
]]>
    </line>
    <line>
      <![CDATA[License -> AutomationTestLicense
]]>
    </line>
    <line>
      <![CDATA[GEO -> ATG
]]>
    </line>
    <line>
      <![CDATA[Usage -> SEARCH
]]>
    </line>
    <line>
      <![CDATA[Status Logs -> 24 February - Active (Victor Cristea)
]]>
    </line>
    <line>
      <![CDATA[Sync From Date -> 2025-02-18
]]>
    </line>
    <line>
      <![CDATA[Backup Code -> 7781 2286 7437 6456 9022 9765 6536 1766 4432 2797 3077 2043 6864 9346 0563 6609 9405 0172 7099 1031
]]>
    </line>
    <line>
      <![CDATA[Campaigns Spreadsheet -> -
]]>
    </line>
    <line>
      <![CDATA[Age -> 0 days
]]>
    </line>
    <line>
      <![CDATA[Action -> 
]]>
    </line>
    <line>
      <![CDATA[Keyword-ul 'GoogleAccountNameTestJava' a fost găsit în prima linie a tabelului.]]>
    </line>
    <line>
      <![CDATA[Utilizator victor.cristea@vebo.io s-a logat]]>
    </line>
    <line>
      <![CDATA[Debug Bar a fost ascuns]]>
    </line>
    <line>
      <![CDATA[S-a navigat cu succes la pagina - Google accounts - iCRM v.37.71]]>
    </line>
    <line>
      <![CDATA[Header is empty for index 0
]]>
    </line>
    <line>
      <![CDATA[Name -> GoogleAccountUpdatedTestJava
]]>
    </line>
    <line>
      <![CDATA[Status -> ID Verification
]]>
    </line>
    <line>
      <![CDATA[Batch Name -> SuperADS
]]>
    </line>
    <line>
      <![CDATA[Price -> $30
]]>
    </line>
    <line>
      <![CDATA[Card Name -> UA-FDT-10 6934, UA-FDT-15 0904
]]>
    </line>
    <line>
      <![CDATA[Account Id -> 2345678901
]]>
    </line>
    <line>
      <![CDATA[Account Source -> FJ
]]>
    </line>
    <line>
      <![CDATA[First Last Name -> FirstNameTestUpdated LastNameTestUpdated
]]>
    </line>
    <line>
      <![CDATA[Source Delivery Date -> 2025-02-24
]]>
    </line>
    <line>
      <![CDATA[Login -> AutomationTestJavaUserUpdated
]]>
    </line>
    <line>
      <![CDATA[Password -> AutomationTestJavaPassUpdated
]]>
    </line>
    <line>
      <![CDATA[Proxy -> 93.89.220.67:12323:14acf158ac3e3:1955db5d81
]]>
    </line>
    <line>
      <![CDATA[Proxy Type -> Residential
]]>
    </line>
    <line>
      <![CDATA[Account RDP -> Download RDP File
]]>
    </line>
    <line>
      <![CDATA[Account Owner -> Dorin M
]]>
    </line>
    <line>
      <![CDATA[Account Domains -> spinandgo.net (-), poobest.com (-)
]]>
    </line>
    <line>
      <![CDATA[Domain -> spinandgo.net
]]>
    </line>
    <line>
      <![CDATA[MB Comments -> 1commentMB / 2commentsMB / 3commentsMB
]]>
    </line>
    <line>
      <![CDATA[Farmer -> -
]]>
    </line>
    <line>
      <![CDATA[Farmer Comments -> 1comment / 2comments / 3comments
]]>
    </line>
    <line>
      <![CDATA[Last Update -> 2025-02-24 17:16
]]>
    </line>
    <line>
      <![CDATA[Email Login -> AutomationEmail@Login
]]>
    </line>
    <line>
      <![CDATA[Email Password -> AutomationEmail@Password
]]>
    </line>
    <line>
      <![CDATA[Warming Cost -> -
]]>
    </line>
    <line>
      <![CDATA[Monthly Fees -> -
]]>
    </line>
    <line>
      <![CDATA[Revenue -> -
]]>
    </line>
    <line>
      <![CDATA[Profit -> -
]]>
    </line>
    <line>
      <![CDATA[Spend -> -
]]>
    </line>
    <line>
      <![CDATA[BH Spend -> -
]]>
    </line>
    <line>
      <![CDATA[Other Fees -> 1234
]]>
    </line>
    <line>
      <![CDATA[MB Delivery Date -> 2025-02-11 12:00:00
]]>
    </line>
    <line>
      <![CDATA[BH Date -> 2025-02-13
]]>
    </line>
    <line>
      <![CDATA[Ban Date -> -
]]>
    </line>
    <line>
      <![CDATA[Ban Reason -> -
]]>
    </line>
    <line>
      <![CDATA[Spend On Ban -> -
]]>
    </line>
    <line>
      <![CDATA[Under Review Reason -> -
]]>
    </line>
    <line>
      <![CDATA[Under Review Date -> -
]]>
    </line>
    <line>
      <![CDATA[Created At -> 2025-02-24 16:33:59
]]>
    </line>
    <line>
      <![CDATA[ID Verification -> 2025-02-06 12:00:00
]]>
    </line>
    <line>
      <![CDATA[2FA -> Copy
]]>
    </line>
    <line>
      <![CDATA[License -> AutomationTestLicense
]]>
    </line>
    <line>
      <![CDATA[GEO -> ATGU
]]>
    </line>
    <line>
      <![CDATA[Usage -> DISPLAY
]]>
    </line>
    <line>
      <![CDATA[Status Logs -> 24 February - ID Verification (Victor Cristea), 24 February - Active (Victor Cristea)
]]>
    </line>
    <line>
      <![CDATA[Sync From Date -> 2025-02-08
]]>
    </line>
    <line>
      <![CDATA[Backup Code -> 7781 2286 7437 6456 9022 9765
]]>
    </line>
    <line>
      <![CDATA[Campaigns Spreadsheet -> -
]]>
    </line>
    <line>
      <![CDATA[Age -> 0 days
]]>
    </line>
    <line>
      <![CDATA[Action -> 
]]>
    </line>
    <line>
      <![CDATA[Keyword-ul 'GoogleAccountUpdatedTestJava' a fost găsit în prima linie a tabelului.]]>
    </line>
    <line>
      <![CDATA[Utilizator victor.cristea@vebo.io s-a logat]]>
    </line>
    <line>
      <![CDATA[Debug Bar a fost ascuns]]>
    </line>
    <line>
      <![CDATA[Utilizatorul a navigat cu succes la pagina - Google accounts - iCRM v.37.71]]>
    </line>
    <line>
      <![CDATA[A fost creat cu succes noua setare cu coloanele:
]]>
    </line>
    <line>
      <![CDATA[Header is empty for index ]]>
    </line>
    <line>
      <![CDATA[Name -> CC-23]]>
    </line>
    <line>
      <![CDATA[Status -> New]]>
    </line>
    <line>
      <![CDATA[Batch Name -> CDS-b-1]]>
    </line>
    <line>
      <![CDATA[Price -> $200]]>
    </line>
    <line>
      <![CDATA[Card Name -> -]]>
    </line>
    <line>
      <![CDATA[Account Id -> 3338872225]]>
    </line>
    <line>
      <![CDATA[Account Source -> CDS-infarmed]]>
    </line>
    <line>
      <![CDATA[First Last Name -> -]]>
    </line>
    <line>
      <![CDATA[Login -> trafdiacdunecen1985@outlook.com]]>
    </line>
    <line>
      <![CDATA[Password -> CUgqDWvGDA]]>
    </line>
    <line>
      <![CDATA[Proxy -> -]]>
    </line>
    <line>
      <![CDATA[Proxy Type -> -]]>
    </line>
    <line>
      <![CDATA[Account RDP -> identi MLA]]>
    </line>
    <line>
      <![CDATA[Account Owner -> Sergiu Ursu]]>
    </line>
    <line>
      <![CDATA[Domain -> andersonmechanic.com]]>
    </line>
    <line>
      <![CDATA[Farmer -> CDS]]>
    </line>
    <line>
      <![CDATA[Last Update -> 2025-02-18 19:32]]>
    </line>
    <line>
      <![CDATA[Email Login -> -]]>
    </line>
    <line>
      <![CDATA[Email Password -> -]]>
    </line>
    <line>
      <![CDATA[Warming Cost -> 7.66]]>
    </line>
    <line>
      <![CDATA[Monthly Fees -> -]]>
    </line>
    <line>
      <![CDATA[Under Review Reason -> -]]>
    </line>
    <line>
      <![CDATA[Revenue -> -]]>
    </line>
    <line>
      <![CDATA[Profit -> -7.66]]>
    </line>
    <line>
      <![CDATA[Spend -> 7.66]]>
    </line>
    <line>
      <![CDATA[BH Spend -> -]]>
    </line>
    <line>
      <![CDATA[Other Fees -> -]]>
    </line>
    <line>
      <![CDATA[MB Delivery Date -> 2025-02-18 16:49:40]]>
    </line>
    <line>
      <![CDATA[BH Date -> -]]>
    </line>
    <line>
      <![CDATA[Ban Date -> -]]>
    </line>
    <line>
      <![CDATA[Ban Reason -> -]]>
    </line>
    <line>
      <![CDATA[Spend On Ban -> -]]>
    </line>
    <line>
      <![CDATA[Under Review Date -> -]]>
    </line>
    <line>
      <![CDATA[ID Verification -> -]]>
    </line>
    <line>
      <![CDATA[2FA -> Copy]]>
    </line>
    <line>
      <![CDATA[License -> -]]>
    </line>
    <line>
      <![CDATA[GEO -> GR]]>
    </line>
    <line>
      <![CDATA[Usage -> SEARCH]]>
    </line>
    <line>
      <![CDATA[Status Logs -> 18 February - Delivery (Alexandru Iurcu)]]>
    </line>
    <line>
      <![CDATA[Campaigns Spreadsheet -> -]]>
    </line>
    <line>
      <![CDATA[Age -> 6 days]]>
    </line>
    <line>
      <![CDATA[Action -> ]]>
    </line>
    <line>
      <![CDATA[Utilizator dorin.m@vebo.io s-a logat]]>
    </line>
    <line>
      <![CDATA[Debug Bar a fost ascuns]]>
    </line>
    <line>
      <![CDATA[Utilizatorul a navigat cu succes la pagina - Google accounts - iCRM v.37.71]]>
    </line>
    <line>
      <![CDATA[Utilizator edward.s@vebo.io s-a logat]]>
    </line>
    <line>
      <![CDATA[Debug Bar a fost ascuns]]>
    </line>
    <line>
      <![CDATA[Utilizatorul a navigat cu succes la pagina - Google accounts - iCRM v.37.71]]>
    </line>
    <line>
      <![CDATA[A fost creat cu succes noua setare cu coloanele:
]]>
    </line>
    <line>
      <![CDATA[Header is empty for index ]]>
    </line>
    <line>
      <![CDATA[Name -> Nova-MLA-2128]]>
    </line>
    <line>
      <![CDATA[Status -> New]]>
    </line>
    <line>
      <![CDATA[Batch Name -> Novabeyond]]>
    </line>
    <line>
      <![CDATA[Price -> $20]]>
    </line>
    <line>
      <![CDATA[Account Id -> 6469153184]]>
    </line>
    <line>
      <![CDATA[Account Source -> Novabeyond]]>
    </line>
    <line>
      <![CDATA[First Last Name -> -]]>
    </line>
    <line>
      <![CDATA[Login -> unckooumar5@outlook.com]]>
    </line>
    <line>
      <![CDATA[Password -> nKauS5CrRmVTj]]>
    </line>
    <line>
      <![CDATA[Account RDP -> identi MLA]]>
    </line>
    <line>
      <![CDATA[Account Owner -> Edward S]]>
    </line>
    <line>
      <![CDATA[Domain -> allpushup.com]]>
    </line>
    <line>
      <![CDATA[Farmer -> Novabeyond]]>
    </line>
    <line>
      <![CDATA[Last Update -> 2025-02-14 12:33]]>
    </line>
    <line>
      <![CDATA[Warming Cost -> 20.91]]>
    </line>
    <line>
      <![CDATA[Monthly Fees -> -]]>
    </line>
    <line>
      <![CDATA[Under Review Reason -> -]]>
    </line>
    <line>
      <![CDATA[Revenue -> -]]>
    </line>
    <line>
      <![CDATA[Profit -> -20.91]]>
    </line>
    <line>
      <![CDATA[Spend -> 20.91]]>
    </line>
    <line>
      <![CDATA[BH Spend -> -]]>
    </line>
    <line>
      <![CDATA[Other Fees -> -]]>
    </line>
    <line>
      <![CDATA[MB Delivery Date -> 2025-02-14 12:33:03]]>
    </line>
    <line>
      <![CDATA[BH Date -> -]]>
    </line>
    <line>
      <![CDATA[Ban Date -> -]]>
    </line>
    <line>
      <![CDATA[Ban Reason -> -]]>
    </line>
    <line>
      <![CDATA[Spend On Ban -> -]]>
    </line>
    <line>
      <![CDATA[Under Review Date -> -]]>
    </line>
    <line>
      <![CDATA[ID Verification -> -]]>
    </line>
    <line>
      <![CDATA[2FA -> Copy]]>
    </line>
    <line>
      <![CDATA[License -> -]]>
    </line>
    <line>
      <![CDATA[GEO -> AUS]]>
    </line>
    <line>
      <![CDATA[Usage -> SEARCH]]>
    </line>
    <line>
      <![CDATA[Status Logs -> 14 February - Delivery (Ion Saptesate), 12 February - Warming (By System (Spreadsheet file))]]>
    </line>
    <line>
      <![CDATA[Campaigns Spreadsheet -> https://docs.google.com/spreadsheets/d/1B4pYSrX4L_ynI6iAoSapTEC6deUHk-Xh0q9raFepLrs/edit?pli=1&gid=0#gid=0]]>
    </line>
    <line>
      <![CDATA[Age -> 12 days]]>
    </line>
    <line>
      <![CDATA[Action -> ]]>
    </line>
    <line>
      <![CDATA[Utilizator andreic@vebo.io s-a logat]]>
    </line>
    <line>
      <![CDATA[Debug Bar a fost ascuns]]>
    </line>
    <line>
      <![CDATA[Utilizatorul a navigat cu succes la pagina - Google accounts - iCRM v.37.71]]>
    </line>
    <line>
      <![CDATA[Utilizator victor.cristea@vebo.io s-a logat]]>
    </line>
    <line>
      <![CDATA[Debug Bar a fost ascuns]]>
    </line>
    <line>
      <![CDATA[Utilizatorul a navigat cu succes la pagina - Google accounts - iCRM v.37.71]]>
    </line>
    <line>
      <![CDATA[A fost descarcat cu success fiserul CSV
]]>
    </line>
    <line>
      <![CDATA[Utilizator chriss.c@vebo.io s-a logat]]>
    </line>
    <line>
      <![CDATA[Debug Bar a fost ascuns]]>
    </line>
    <line>
      <![CDATA[Utilizatorul a navigat cu succes la pagina - Google accounts - iCRM v.37.71]]>
    </line>
    <line>
      <![CDATA[A fost descarcat cu success fiserul CSV
]]>
    </line>
    <line>
      <![CDATA[Utilizator marcel.g@vebo.io s-a logat]]>
    </line>
    <line>
      <![CDATA[Debug Bar a fost ascuns]]>
    </line>
    <line>
      <![CDATA[Utilizatorul a navigat cu succes la pagina - Google accounts - iCRM v.37.71]]>
    </line>
    <line>
      <![CDATA[A fost descarcat cu success fiserul CSV
]]>
    </line>
    <line>
      <![CDATA[Utilizator victor.cristea@vebo.io s-a logat]]>
    </line>
    <line>
      <![CDATA[Debug Bar a fost ascuns]]>
    </line>
    <line>
      <![CDATA[Utilizatorul a navigat cu succes la pagina - Google accounts - iCRM v.37.71]]>
    </line>
    <line>
      <![CDATA[]]>
    </line>
    <line>
      <![CDATA[GoogleAccountUpdatedTestJava]]>
    </line>
    <line>
      <![CDATA[ID Verification]]>
    </line>
    <line>
      <![CDATA[SuperADS]]>
    </line>
    <line>
      <![CDATA[$30]]>
    </line>
    <line>
      <![CDATA[UA-FDT-10 6934, UA-FDT-15 0904]]>
    </line>
    <line>
      <![CDATA[2345678901]]>
    </line>
    <line>
      <![CDATA[FJ]]>
    </line>
    <line>
      <![CDATA[FirstNameTestUpdated LastNameTestUpdated]]>
    </line>
    <line>
      <![CDATA[AutomationTestJavaUserUpdated]]>
    </line>
    <line>
      <![CDATA[AutomationTestJavaPassUpdated]]>
    </line>
    <line>
      <![CDATA[93.89.220.67:12323:14acf158ac3e3:1955db5d81]]>
    </line>
    <line>
      <![CDATA[Residential]]>
    </line>
    <line>
      <![CDATA[Download RDP File]]>
    </line>
    <line>
      <![CDATA[Dorin M]]>
    </line>
    <line>
      <![CDATA[spinandgo.net]]>
    </line>
    <line>
      <![CDATA[-]]>
    </line>
    <line>
      <![CDATA[2025-02-24 17:16]]>
    </line>
    <line>
      <![CDATA[AutomationEmail@Login]]>
    </line>
    <line>
      <![CDATA[AutomationEmail@Password]]>
    </line>
    <line>
      <![CDATA[-]]>
    </line>
    <line>
      <![CDATA[-]]>
    </line>
    <line>
      <![CDATA[-]]>
    </line>
    <line>
      <![CDATA[-]]>
    </line>
    <line>
      <![CDATA[-]]>
    </line>
    <line>
      <![CDATA[-]]>
    </line>
    <line>
      <![CDATA[-]]>
    </line>
    <line>
      <![CDATA[1234]]>
    </line>
    <line>
      <![CDATA[2025-02-11 12:00:00]]>
    </line>
    <line>
      <![CDATA[2025-02-13]]>
    </line>
    <line>
      <![CDATA[-]]>
    </line>
    <line>
      <![CDATA[-]]>
    </line>
    <line>
      <![CDATA[-]]>
    </line>
    <line>
      <![CDATA[-]]>
    </line>
    <line>
      <![CDATA[2025-02-06 12:00:00]]>
    </line>
    <line>
      <![CDATA[Copy]]>
    </line>
    <line>
      <![CDATA[AutomationTestLicense]]>
    </line>
    <line>
      <![CDATA[ATGU]]>
    </line>
    <line>
      <![CDATA[DISPLAY]]>
    </line>
    <line>
      <![CDATA[24 February - ID Verification (Victor Cristea), 24 February - Active (Victor Cristea)]]>
    </line>
    <line>
      <![CDATA[-]]>
    </line>
    <line>
      <![CDATA[0 days]]>
    </line>
    <line>
      <![CDATA[]]>
    </line>
    <line>
      <![CDATA[Keyword-ul 'GoogleAccountUpdatedTestJava' a fost găsit în prima linie a tabelului.]]>
    </line>
    <line>
      <![CDATA[Utilizator dorin.m@vebo.io s-a logat]]>
    </line>
    <line>
      <![CDATA[Debug Bar a fost ascuns]]>
    </line>
    <line>
      <![CDATA[Utilizatorul a navigat cu succes la pagina - Google accounts - iCRM v.37.71]]>
    </line>
    <line>
      <![CDATA[]]>
    </line>
    <line>
      <![CDATA[GoogleAccountUpdatedTestJava]]>
    </line>
    <line>
      <![CDATA[ID Verification]]>
    </line>
    <line>
      <![CDATA[ATGU]]>
    </line>
    <line>
      <![CDATA[Dorin M]]>
    </line>
    <line>
      <![CDATA[$30]]>
    </line>
    <line>
      <![CDATA[Download RDP File]]>
    </line>
    <line>
      <![CDATA[Copy]]>
    </line>
    <line>
      <![CDATA[spinandgo.net (-), poobest.com (-)]]>
    </line>
    <line>
      <![CDATA[SuperADS]]>
    </line>
    <line>
      <![CDATA[2345678901]]>
    </line>
    <line>
      <![CDATA[FJ]]>
    </line>
    <line>
      <![CDATA[2025-02-24]]>
    </line>
    <line>
      <![CDATA[AutomationTestJavaUserUpdated]]>
    </line>
    <line>
      <![CDATA[AutomationTestJavaPassUpdated]]>
    </line>
    <line>
      <![CDATA[spinandgo.net]]>
    </line>
    <line>
      <![CDATA[1commentMB / 2commentsMB / 3commentsMB]]>
    </line>
    <line>
      <![CDATA[1comment / 2comments / 3comments]]>
    </line>
    <line>
      <![CDATA[2025-02-24 17:16]]>
    </line>
    <line>
      <![CDATA[-]]>
    </line>
    <line>
      <![CDATA[-]]>
    </line>
    <line>
      <![CDATA[-]]>
    </line>
    <line>
      <![CDATA[-]]>
    </line>
    <line>
      <![CDATA[-]]>
    </line>
    <line>
      <![CDATA[-]]>
    </line>
    <line>
      <![CDATA[1234]]>
    </line>
    <line>
      <![CDATA[2025-02-11 12:00:00]]>
    </line>
    <line>
      <![CDATA[2025-02-13]]>
    </line>
    <line>
      <![CDATA[-]]>
    </line>
    <line>
      <![CDATA[2025-02-24 16:33:59]]>
    </line>
    <line>
      <![CDATA[AutomationTestLicense]]>
    </line>
    <line>
      <![CDATA[24 February - ID Verification (Victor Cristea), 24 February - Active (Victor Cristea)]]>
    </line>
    <line>
      <![CDATA[-]]>
    </line>
    <line>
      <![CDATA[]]>
    </line>
    <line>
      <![CDATA[Keyword-ul 'GoogleAccountUpdatedTestJava' a fost găsit în prima linie a tabelului.]]>
    </line>
    <line>
      <![CDATA[Utilizator edward.s@vebo.io s-a logat]]>
    </line>
    <line>
      <![CDATA[Debug Bar a fost ascuns]]>
    </line>
    <line>
      <![CDATA[Utilizatorul a navigat cu succes la pagina - Google accounts - iCRM v.37.71]]>
    </line>
    <line>
      <![CDATA[No matching records found]]>
    </line>
    <line>
      <![CDATA[Utilizator andreic@vebo.io s-a logat]]>
    </line>
    <line>
      <![CDATA[Debug Bar a fost ascuns]]>
    </line>
    <line>
      <![CDATA[Utilizatorul a navigat cu succes la pagina - Google accounts - iCRM v.37.71]]>
    </line>
    <line>
      <![CDATA[No matching records found]]>
    </line>
    <line>
      <![CDATA[Utilizator victor.cristea@vebo.io s-a logat]]>
    </line>
    <line>
      <![CDATA[Debug Bar a fost ascuns]]>
    </line>
    <line>
      <![CDATA[Utilizator dorin.m@vebo.io s-a logat]]>
    </line>
    <line>
      <![CDATA[Debug Bar a fost ascuns]]>
    </line>
    <line>
      <![CDATA[Utilizator edward.s@vebo.io s-a logat]]>
    </line>
    <line>
      <![CDATA[Debug Bar a fost ascuns]]>
    </line>
    <line>
      <![CDATA[Utilizator andreic@vebo.io s-a logat]]>
    </line>
    <line>
      <![CDATA[Debug Bar a fost ascuns]]>
    </line>
    <line>
      <![CDATA[Utilizator victor.cristea@vebo.io s-a logat]]>
    </line>
    <line>
      <![CDATA[Debug Bar a fost ascuns]]>
    </line>
    <line>
      <![CDATA[S-a navigat cu succes la pagina - Google accounts - iCRM v.37.71]]>
    </line>
    <line>
      <![CDATA[A fost sters cu succes contul - GoogleAccountNameTestJava]]>
    </line>
  </reporter-output>
  <suite started-at="2025-02-24T17:16:01 EET" name="Test CRM AUTO" finished-at="2025-02-24T17:22:37 EET" duration-ms="395474">
    <groups>
    </groups>
    <test started-at="2025-02-24T17:16:01 EET" name="Google Accounts Test" finished-at="2025-02-24T17:22:37 EET" duration-ms="395474">
      <class name="com.crm.GoogleAccounts.CreateGoogleAccount">
        <test-method is-config="true" signature="setUp()[pri:0, instance:com.crm.GoogleAccounts.CreateGoogleAccount@6d2a209c]" started-at="2025-02-24T17:16:01 EET" name="setUp" finished-at="2025-02-24T17:16:02 EET" duration-ms="460" status="PASS">
          <reporter-output>
          </reporter-output>
        </test-method> <!-- setUp -->
        <test-method signature="signIn(java.lang.String,java.lang.String)[pri:0, instance:com.crm.GoogleAccounts.CreateGoogleAccount@6d2a209c]" started-at="2025-02-24T17:16:02 EET" name="signIn" data-provider="GlobalCred" finished-at="2025-02-24T17:16:32 EET" duration-ms="29702" status="PASS">
          <params>
            <param index="0">
              <value>
                <![CDATA[victor.cristea@vebo.io]]>
              </value>
            </param>
            <param index="1">
              <value>
                <![CDATA[j8L3pc5hJ20Sjn10Lp!]]>
              </value>
            </param>
          </params>
          <reporter-output>
            <line>
              <![CDATA[Utilizator victor.cristea@vebo.io s-a logat]]>
            </line>
            <line>
              <![CDATA[Debug Bar a fost ascuns]]>
            </line>
            <line>
              <![CDATA[Utilizatorul a navigat cu succes la pagina - Google accounts - iCRM v.37.71]]>
            </line>
            <line>
              <![CDATA[Header is empty for index 0
]]>
            </line>
            <line>
              <![CDATA[Name -> GoogleAccountNameTestJava
]]>
            </line>
            <line>
              <![CDATA[Status -> Active
]]>
            </line>
            <line>
              <![CDATA[Batch Name -> SuperADS
]]>
            </line>
            <line>
              <![CDATA[Price -> $30
]]>
            </line>
            <line>
              <![CDATA[Card Name -> UA-FDT-15 0904
]]>
            </line>
            <line>
              <![CDATA[Account Id -> 1234567890
]]>
            </line>
            <line>
              <![CDATA[Account Source -> FJ
]]>
            </line>
            <line>
              <![CDATA[First Last Name -> FirstNameTest LastNameTest
]]>
            </line>
            <line>
              <![CDATA[Source Delivery Date -> 2025-02-24
]]>
            </line>
            <line>
              <![CDATA[Login -> AutomationTestJavaUser
]]>
            </line>
            <line>
              <![CDATA[Password -> AutomationTestJavaPass
]]>
            </line>
            <line>
              <![CDATA[Proxy -> 93.89.220.67:12323:14acf158ac3e3:1955db5d81
]]>
            </line>
            <line>
              <![CDATA[Proxy Type -> Residential
]]>
            </line>
            <line>
              <![CDATA[Account RDP -> Download RDP File
]]>
            </line>
            <line>
              <![CDATA[Account Owner -> Dorin M
]]>
            </line>
            <line>
              <![CDATA[Account Domains -> poobest.com (-)
]]>
            </line>
            <line>
              <![CDATA[Domain -> poobest.com
]]>
            </line>
            <line>
              <![CDATA[MB Comments -> 1commentMB / 2commentsMB / 3commentsMB
]]>
            </line>
            <line>
              <![CDATA[Farmer -> -
]]>
            </line>
            <line>
              <![CDATA[Farmer Comments -> 1comment / 2comments / 3comments
]]>
            </line>
            <line>
              <![CDATA[Last Update -> 2025-02-24 16:33
]]>
            </line>
            <line>
              <![CDATA[Email Login -> AutomationEmail@Login
]]>
            </line>
            <line>
              <![CDATA[Email Password -> AutomationEmail@Password
]]>
            </line>
            <line>
              <![CDATA[Warming Cost -> -
]]>
            </line>
            <line>
              <![CDATA[Monthly Fees -> -
]]>
            </line>
            <line>
              <![CDATA[Revenue -> -
]]>
            </line>
            <line>
              <![CDATA[Profit -> -
]]>
            </line>
            <line>
              <![CDATA[Spend -> -
]]>
            </line>
            <line>
              <![CDATA[BH Spend -> -
]]>
            </line>
            <line>
              <![CDATA[Other Fees -> 1234
]]>
            </line>
            <line>
              <![CDATA[MB Delivery Date -> 2025-02-20 12:00:00
]]>
            </line>
            <line>
              <![CDATA[BH Date -> 2025-02-26
]]>
            </line>
            <line>
              <![CDATA[Ban Date -> -
]]>
            </line>
            <line>
              <![CDATA[Ban Reason -> -
]]>
            </line>
            <line>
              <![CDATA[Spend On Ban -> -
]]>
            </line>
            <line>
              <![CDATA[Under Review Reason -> -
]]>
            </line>
            <line>
              <![CDATA[Under Review Date -> -
]]>
            </line>
            <line>
              <![CDATA[Created At -> 2025-02-24 16:33:59
]]>
            </line>
            <line>
              <![CDATA[ID Verification -> 2025-02-26 12:00:00
]]>
            </line>
            <line>
              <![CDATA[2FA -> Copy
]]>
            </line>
            <line>
              <![CDATA[License -> AutomationTestLicense
]]>
            </line>
            <line>
              <![CDATA[GEO -> ATG
]]>
            </line>
            <line>
              <![CDATA[Usage -> SEARCH
]]>
            </line>
            <line>
              <![CDATA[Status Logs -> 24 February - Active (Victor Cristea)
]]>
            </line>
            <line>
              <![CDATA[Sync From Date -> 2025-02-18
]]>
            </line>
            <line>
              <![CDATA[Backup Code -> 7781 2286 7437 6456 9022 9765 6536 1766 4432 2797 3077 2043 6864 9346 0563 6609 9405 0172 7099 1031
]]>
            </line>
            <line>
              <![CDATA[Campaigns Spreadsheet -> -
]]>
            </line>
            <line>
              <![CDATA[Age -> 0 days
]]>
            </line>
            <line>
              <![CDATA[Action -> 
]]>
            </line>
            <line>
              <![CDATA[Keyword-ul 'GoogleAccountNameTestJava' a fost găsit în prima linie a tabelului.]]>
            </line>
          </reporter-output>
        </test-method> <!-- signIn -->
        <test-method is-config="true" signature="tearDown()[pri:0, instance:com.crm.GoogleAccounts.CreateGoogleAccount@6d2a209c]" started-at="2025-02-24T17:16:32 EET" name="tearDown" finished-at="2025-02-24T17:16:32 EET" duration-ms="89" status="PASS">
          <reporter-output>
          </reporter-output>
        </test-method> <!-- tearDown -->
      </class> <!-- com.crm.GoogleAccounts.CreateGoogleAccount -->
      <class name="com.crm.GoogleAccounts.DownloadCSV">
        <test-method is-config="true" signature="setUp()[pri:0, instance:com.crm.GoogleAccounts.DownloadCSV@78b66d36]" started-at="2025-02-24T17:18:42 EET" name="setUp" finished-at="2025-02-24T17:18:42 EET" duration-ms="535" status="PASS">
          <reporter-output>
          </reporter-output>
        </test-method> <!-- setUp -->
        <test-method signature="signIn(java.lang.String,java.lang.String)[pri:0, instance:com.crm.GoogleAccounts.DownloadCSV@78b66d36]" started-at="2025-02-24T17:18:42 EET" name="signIn" data-provider="FarmerGlobalCredentials" finished-at="2025-02-24T17:19:02 EET" duration-ms="19929" status="PASS">
          <params>
            <param index="0">
              <value>
                <![CDATA[victor.cristea@vebo.io]]>
              </value>
            </param>
            <param index="1">
              <value>
                <![CDATA[j8L3pc5hJ20Sjn10Lp!]]>
              </value>
            </param>
          </params>
          <reporter-output>
            <line>
              <![CDATA[Utilizator victor.cristea@vebo.io s-a logat]]>
            </line>
            <line>
              <![CDATA[Debug Bar a fost ascuns]]>
            </line>
            <line>
              <![CDATA[Utilizatorul a navigat cu succes la pagina - Google accounts - iCRM v.37.71]]>
            </line>
            <line>
              <![CDATA[A fost descarcat cu success fiserul CSV
]]>
            </line>
          </reporter-output>
        </test-method> <!-- signIn -->
        <test-method is-config="true" signature="setUp()[pri:0, instance:com.crm.GoogleAccounts.DownloadCSV@78b66d36]" started-at="2025-02-24T17:19:02 EET" name="setUp" finished-at="2025-02-24T17:19:02 EET" duration-ms="212" status="PASS">
          <reporter-output>
          </reporter-output>
        </test-method> <!-- setUp -->
        <test-method is-config="true" signature="tearDown()[pri:0, instance:com.crm.GoogleAccounts.DownloadCSV@78b66d36]" started-at="2025-02-24T17:19:02 EET" name="tearDown" finished-at="2025-02-24T17:19:02 EET" duration-ms="0" status="PASS">
          <reporter-output>
          </reporter-output>
        </test-method> <!-- tearDown -->
        <test-method signature="signIn(java.lang.String,java.lang.String)[pri:0, instance:com.crm.GoogleAccounts.DownloadCSV@78b66d36]" started-at="2025-02-24T17:19:02 EET" name="signIn" data-provider="FarmerGlobalCredentials" finished-at="2025-02-24T17:19:20 EET" duration-ms="17552" status="PASS">
          <params>
            <param index="0">
              <value>
                <![CDATA[chriss.c@vebo.io]]>
              </value>
            </param>
            <param index="1">
              <value>
                <![CDATA[j8L3pc5hJ20Sjn10Lp!]]>
              </value>
            </param>
          </params>
          <reporter-output>
            <line>
              <![CDATA[Utilizator chriss.c@vebo.io s-a logat]]>
            </line>
            <line>
              <![CDATA[Debug Bar a fost ascuns]]>
            </line>
            <line>
              <![CDATA[Utilizatorul a navigat cu succes la pagina - Google accounts - iCRM v.37.71]]>
            </line>
            <line>
              <![CDATA[A fost descarcat cu success fiserul CSV
]]>
            </line>
          </reporter-output>
        </test-method> <!-- signIn -->
        <test-method is-config="true" signature="setUp()[pri:0, instance:com.crm.GoogleAccounts.DownloadCSV@78b66d36]" started-at="2025-02-24T17:19:20 EET" name="setUp" finished-at="2025-02-24T17:19:20 EET" duration-ms="212" status="PASS">
          <reporter-output>
          </reporter-output>
        </test-method> <!-- setUp -->
        <test-method is-config="true" signature="tearDown()[pri:0, instance:com.crm.GoogleAccounts.DownloadCSV@78b66d36]" started-at="2025-02-24T17:19:20 EET" name="tearDown" finished-at="2025-02-24T17:19:20 EET" duration-ms="0" status="PASS">
          <reporter-output>
          </reporter-output>
        </test-method> <!-- tearDown -->
        <test-method signature="signIn(java.lang.String,java.lang.String)[pri:0, instance:com.crm.GoogleAccounts.DownloadCSV@78b66d36]" started-at="2025-02-24T17:19:20 EET" name="signIn" data-provider="FarmerGlobalCredentials" finished-at="2025-02-24T17:19:38 EET" duration-ms="17390" status="PASS">
          <params>
            <param index="0">
              <value>
                <![CDATA[marcel.g@vebo.io]]>
              </value>
            </param>
            <param index="1">
              <value>
                <![CDATA[j8L3pc5hJ20Sjn10Lp!]]>
              </value>
            </param>
          </params>
          <reporter-output>
            <line>
              <![CDATA[Utilizator marcel.g@vebo.io s-a logat]]>
            </line>
            <line>
              <![CDATA[Debug Bar a fost ascuns]]>
            </line>
            <line>
              <![CDATA[Utilizatorul a navigat cu succes la pagina - Google accounts - iCRM v.37.71]]>
            </line>
            <line>
              <![CDATA[A fost descarcat cu success fiserul CSV
]]>
            </line>
          </reporter-output>
        </test-method> <!-- signIn -->
        <test-method is-config="true" signature="tearDown()[pri:0, instance:com.crm.GoogleAccounts.DownloadCSV@78b66d36]" started-at="2025-02-24T17:19:38 EET" name="tearDown" finished-at="2025-02-24T17:19:38 EET" duration-ms="0" status="PASS">
          <reporter-output>
          </reporter-output>
        </test-method> <!-- tearDown -->
      </class> <!-- com.crm.GoogleAccounts.DownloadCSV -->
      <class name="com.crm.GoogleAccounts.DeleteTableSettings">
        <test-method is-config="true" signature="setUp()[pri:0, instance:com.crm.GoogleAccounts.DeleteTableSettings@bef2d72]" started-at="2025-02-24T17:20:41 EET" name="setUp" finished-at="2025-02-24T17:20:41 EET" duration-ms="213" status="PASS">
          <reporter-output>
          </reporter-output>
        </test-method> <!-- setUp -->
        <test-method signature="signIn(java.lang.String,java.lang.String)[pri:0, instance:com.crm.GoogleAccounts.DeleteTableSettings@bef2d72]" started-at="2025-02-24T17:20:41 EET" name="signIn" data-provider="MediaBuyerGlobalCredentials" finished-at="2025-02-24T17:21:06 EET" duration-ms="25373" status="FAIL">
          <params>
            <param index="0">
              <value>
                <![CDATA[victor.cristea@vebo.io]]>
              </value>
            </param>
            <param index="1">
              <value>
                <![CDATA[j8L3pc5hJ20Sjn10Lp!]]>
              </value>
            </param>
          </params>
          <exception class="org.openqa.selenium.TimeoutException">
            <message>
              <![CDATA[Expected condition failed: waiting for element to be clickable: By.cssSelector: i.fas.fa-trash.text-red-600 (tried for 10 second(s) with 500 milliseconds interval)
Build info: version: '4.23.1', revision: '656257d8e9'
System info: os.name: 'Linux', os.arch: 'amd64', os.version: '6.9.3-76060903-generic', java.version: '21.0.6'
Driver info: org.openqa.selenium.chrome.ChromeDriver
Capabilities {acceptInsecureCerts: false, browserName: chrome, browserVersion: 133.0.6943.126, chrome: {chromedriverVersion: 133.0.6943.126 (cffa127ce7b..., userDataDir: /tmp/.org.chromium.Chromium...}, fedcm:accounts: true, goog:chromeOptions: {debuggerAddress: localhost:36551}, networkConnectionEnabled: false, pageLoadStrategy: normal, platformName: linux, proxy: Proxy(), se:cdp: ws://localhost:36551/devtoo..., se:cdpVersion: 133.0.6943.126, setWindowRect: true, strictFileInteractability: false, timeouts: {implicit: 0, pageLoad: 300000, script: 30000}, unhandledPromptBehavior: dismiss and notify, webauthn:extension:credBlob: true, webauthn:extension:largeBlob: true, webauthn:extension:minPinLength: true, webauthn:extension:prf: true, webauthn:virtualAuthenticators: true}
Session ID: 2212d7f6d61bfc10afe63ecdb7db1a69]]>
            </message>
            <full-stacktrace>
              <![CDATA[org.openqa.selenium.TimeoutException: Expected condition failed: waiting for element to be clickable: By.cssSelector: i.fas.fa-trash.text-red-600 (tried for 10 second(s) with 500 milliseconds interval)
Build info: version: '4.23.1', revision: '656257d8e9'
System info: os.name: 'Linux', os.arch: 'amd64', os.version: '6.9.3-76060903-generic', java.version: '21.0.6'
Driver info: org.openqa.selenium.chrome.ChromeDriver
Capabilities {acceptInsecureCerts: false, browserName: chrome, browserVersion: 133.0.6943.126, chrome: {chromedriverVersion: 133.0.6943.126 (cffa127ce7b..., userDataDir: /tmp/.org.chromium.Chromium...}, fedcm:accounts: true, goog:chromeOptions: {debuggerAddress: localhost:36551}, networkConnectionEnabled: false, pageLoadStrategy: normal, platformName: linux, proxy: Proxy(), se:cdp: ws://localhost:36551/devtoo..., se:cdpVersion: 133.0.6943.126, setWindowRect: true, strictFileInteractability: false, timeouts: {implicit: 0, pageLoad: 300000, script: 30000}, unhandledPromptBehavior: dismiss and notify, webauthn:extension:credBlob: true, webauthn:extension:largeBlob: true, webauthn:extension:minPinLength: true, webauthn:extension:prf: true, webauthn:virtualAuthenticators: true}
Session ID: 2212d7f6d61bfc10afe63ecdb7db1a69
at org.openqa.selenium.support.ui.WebDriverWait.timeoutException(WebDriverWait.java:84)
at org.openqa.selenium.support.ui.FluentWait.until(FluentWait.java:228)
at com.crm.GoogleAccounts.DeleteTableSettings.signIn(DeleteTableSettings.java:52)
at java.base/jdk.internal.reflect.DirectMethodHandleAccessor.invoke(DirectMethodHandleAccessor.java:103)
at java.base/java.lang.reflect.Method.invoke(Method.java:580)
at org.testng.internal.invokers.MethodInvocationHelper.invokeMethod(MethodInvocationHelper.java:136)
at org.testng.internal.invokers.TestInvoker.invokeMethod(TestInvoker.java:658)
at org.testng.internal.invokers.TestInvoker.invokeTestMethod(TestInvoker.java:219)
at org.testng.internal.invokers.MethodRunner.runInSequence(MethodRunner.java:50)
at org.testng.internal.invokers.TestInvoker$MethodInvocationAgent.invoke(TestInvoker.java:923)
at org.testng.internal.invokers.TestInvoker.invokeTestMethods(TestInvoker.java:192)
at org.testng.internal.invokers.TestMethodWorker.invokeTestMethods(TestMethodWorker.java:146)
at org.testng.internal.invokers.TestMethodWorker.run(TestMethodWorker.java:128)
at java.base/java.util.ArrayList.forEach(ArrayList.java:1596)
at org.testng.TestRunner.privateRun(TestRunner.java:808)
at org.testng.TestRunner.run(TestRunner.java:603)
at org.testng.SuiteRunner.runTest(SuiteRunner.java:429)
at org.testng.SuiteRunner.runSequentially(SuiteRunner.java:423)
at org.testng.SuiteRunner.privateRun(SuiteRunner.java:383)
at org.testng.SuiteRunner.run(SuiteRunner.java:326)
at org.testng.SuiteRunnerWorker.runSuite(SuiteRunnerWorker.java:52)
at org.testng.SuiteRunnerWorker.run(SuiteRunnerWorker.java:95)
at org.testng.TestNG.runSuitesSequentially(TestNG.java:1249)
at org.testng.TestNG.runSuitesLocally(TestNG.java:1169)
at org.testng.TestNG.runSuites(TestNG.java:1092)
at org.testng.TestNG.run(TestNG.java:1060)
at org.apache.maven.surefire.testng.TestNGExecutor.run(TestNGExecutor.java:308)
at org.apache.maven.surefire.testng.TestNGXmlTestSuite.execute(TestNGXmlTestSuite.java:71)
at org.apache.maven.surefire.testng.TestNGProvider.invoke(TestNGProvider.java:113)
at org.apache.maven.surefire.booter.ForkedBooter.runSuitesInProcess(ForkedBooter.java:385)
at org.apache.maven.surefire.booter.ForkedBooter.execute(ForkedBooter.java:162)
at org.apache.maven.surefire.booter.ForkedBooter.run(ForkedBooter.java:507)
at org.apache.maven.surefire.booter.ForkedBooter.main(ForkedBooter.java:495)
]]>
            </full-stacktrace>
          </exception> <!-- org.openqa.selenium.TimeoutException -->
          <reporter-output>
            <line>
              <![CDATA[Utilizator victor.cristea@vebo.io s-a logat]]>
            </line>
            <line>
              <![CDATA[Debug Bar a fost ascuns]]>
            </line>
          </reporter-output>
        </test-method> <!-- signIn -->
        <test-method is-config="true" signature="tearDown()[pri:0, instance:com.crm.GoogleAccounts.DeleteTableSettings@bef2d72]" started-at="2025-02-24T17:21:06 EET" name="tearDown" finished-at="2025-02-24T17:21:06 EET" duration-ms="69" status="PASS">
          <reporter-output>
          </reporter-output>
        </test-method> <!-- tearDown -->
        <test-method is-config="true" signature="setUp()[pri:0, instance:com.crm.GoogleAccounts.DeleteTableSettings@bef2d72]" started-at="2025-02-24T17:21:06 EET" name="setUp" finished-at="2025-02-24T17:21:07 EET" duration-ms="218" status="PASS">
          <reporter-output>
          </reporter-output>
        </test-method> <!-- setUp -->
        <test-method signature="signIn(java.lang.String,java.lang.String)[pri:0, instance:com.crm.GoogleAccounts.DeleteTableSettings@bef2d72]" started-at="2025-02-24T17:21:07 EET" name="signIn" data-provider="MediaBuyerGlobalCredentials" finished-at="2025-02-24T17:21:32 EET" duration-ms="25754" status="FAIL">
          <params>
            <param index="0">
              <value>
                <![CDATA[dorin.m@vebo.io]]>
              </value>
            </param>
            <param index="1">
              <value>
                <![CDATA[j8L3pc5hJ20Sjn10Lp!]]>
              </value>
            </param>
          </params>
          <exception class="org.openqa.selenium.TimeoutException">
            <message>
              <![CDATA[Expected condition failed: waiting for element to be clickable: By.cssSelector: i.fas.fa-trash.text-red-600 (tried for 10 second(s) with 500 milliseconds interval)
Build info: version: '4.23.1', revision: '656257d8e9'
System info: os.name: 'Linux', os.arch: 'amd64', os.version: '6.9.3-76060903-generic', java.version: '21.0.6'
Driver info: org.openqa.selenium.chrome.ChromeDriver
Capabilities {acceptInsecureCerts: false, browserName: chrome, browserVersion: 133.0.6943.126, chrome: {chromedriverVersion: 133.0.6943.126 (cffa127ce7b..., userDataDir: /tmp/.org.chromium.Chromium...}, fedcm:accounts: true, goog:chromeOptions: {debuggerAddress: localhost:35019}, networkConnectionEnabled: false, pageLoadStrategy: normal, platformName: linux, proxy: Proxy(), se:cdp: ws://localhost:35019/devtoo..., se:cdpVersion: 133.0.6943.126, setWindowRect: true, strictFileInteractability: false, timeouts: {implicit: 0, pageLoad: 300000, script: 30000}, unhandledPromptBehavior: dismiss and notify, webauthn:extension:credBlob: true, webauthn:extension:largeBlob: true, webauthn:extension:minPinLength: true, webauthn:extension:prf: true, webauthn:virtualAuthenticators: true}
Session ID: fa31df2556f78d1252204fdc5d1d555d]]>
            </message>
            <full-stacktrace>
              <![CDATA[org.openqa.selenium.TimeoutException: Expected condition failed: waiting for element to be clickable: By.cssSelector: i.fas.fa-trash.text-red-600 (tried for 10 second(s) with 500 milliseconds interval)
Build info: version: '4.23.1', revision: '656257d8e9'
System info: os.name: 'Linux', os.arch: 'amd64', os.version: '6.9.3-76060903-generic', java.version: '21.0.6'
Driver info: org.openqa.selenium.chrome.ChromeDriver
Capabilities {acceptInsecureCerts: false, browserName: chrome, browserVersion: 133.0.6943.126, chrome: {chromedriverVersion: 133.0.6943.126 (cffa127ce7b..., userDataDir: /tmp/.org.chromium.Chromium...}, fedcm:accounts: true, goog:chromeOptions: {debuggerAddress: localhost:35019}, networkConnectionEnabled: false, pageLoadStrategy: normal, platformName: linux, proxy: Proxy(), se:cdp: ws://localhost:35019/devtoo..., se:cdpVersion: 133.0.6943.126, setWindowRect: true, strictFileInteractability: false, timeouts: {implicit: 0, pageLoad: 300000, script: 30000}, unhandledPromptBehavior: dismiss and notify, webauthn:extension:credBlob: true, webauthn:extension:largeBlob: true, webauthn:extension:minPinLength: true, webauthn:extension:prf: true, webauthn:virtualAuthenticators: true}
Session ID: fa31df2556f78d1252204fdc5d1d555d
at org.openqa.selenium.support.ui.WebDriverWait.timeoutException(WebDriverWait.java:84)
at org.openqa.selenium.support.ui.FluentWait.until(FluentWait.java:228)
at com.crm.GoogleAccounts.DeleteTableSettings.signIn(DeleteTableSettings.java:52)
at java.base/jdk.internal.reflect.DirectMethodHandleAccessor.invoke(DirectMethodHandleAccessor.java:103)
at java.base/java.lang.reflect.Method.invoke(Method.java:580)
at org.testng.internal.invokers.MethodInvocationHelper.invokeMethod(MethodInvocationHelper.java:136)
at org.testng.internal.invokers.TestInvoker.invokeMethod(TestInvoker.java:658)
at org.testng.internal.invokers.TestInvoker.invokeTestMethod(TestInvoker.java:219)
at org.testng.internal.invokers.MethodRunner.runInSequence(MethodRunner.java:50)
at org.testng.internal.invokers.TestInvoker$MethodInvocationAgent.invoke(TestInvoker.java:923)
at org.testng.internal.invokers.TestInvoker.invokeTestMethods(TestInvoker.java:192)
at org.testng.internal.invokers.TestMethodWorker.invokeTestMethods(TestMethodWorker.java:146)
at org.testng.internal.invokers.TestMethodWorker.run(TestMethodWorker.java:128)
at java.base/java.util.ArrayList.forEach(ArrayList.java:1596)
at org.testng.TestRunner.privateRun(TestRunner.java:808)
at org.testng.TestRunner.run(TestRunner.java:603)
at org.testng.SuiteRunner.runTest(SuiteRunner.java:429)
at org.testng.SuiteRunner.runSequentially(SuiteRunner.java:423)
at org.testng.SuiteRunner.privateRun(SuiteRunner.java:383)
at org.testng.SuiteRunner.run(SuiteRunner.java:326)
at org.testng.SuiteRunnerWorker.runSuite(SuiteRunnerWorker.java:52)
at org.testng.SuiteRunnerWorker.run(SuiteRunnerWorker.java:95)
at org.testng.TestNG.runSuitesSequentially(TestNG.java:1249)
at org.testng.TestNG.runSuitesLocally(TestNG.java:1169)
at org.testng.TestNG.runSuites(TestNG.java:1092)
at org.testng.TestNG.run(TestNG.java:1060)
at org.apache.maven.surefire.testng.TestNGExecutor.run(TestNGExecutor.java:308)
at org.apache.maven.surefire.testng.TestNGXmlTestSuite.execute(TestNGXmlTestSuite.java:71)
at org.apache.maven.surefire.testng.TestNGProvider.invoke(TestNGProvider.java:113)
at org.apache.maven.surefire.booter.ForkedBooter.runSuitesInProcess(ForkedBooter.java:385)
at org.apache.maven.surefire.booter.ForkedBooter.execute(ForkedBooter.java:162)
at org.apache.maven.surefire.booter.ForkedBooter.run(ForkedBooter.java:507)
at org.apache.maven.surefire.booter.ForkedBooter.main(ForkedBooter.java:495)
]]>
            </full-stacktrace>
          </exception> <!-- org.openqa.selenium.TimeoutException -->
          <reporter-output>
            <line>
              <![CDATA[Utilizator dorin.m@vebo.io s-a logat]]>
            </line>
            <line>
              <![CDATA[Debug Bar a fost ascuns]]>
            </line>
          </reporter-output>
        </test-method> <!-- signIn -->
        <test-method is-config="true" signature="tearDown()[pri:0, instance:com.crm.GoogleAccounts.DeleteTableSettings@bef2d72]" started-at="2025-02-24T17:21:32 EET" name="tearDown" finished-at="2025-02-24T17:21:32 EET" duration-ms="73" status="PASS">
          <reporter-output>
          </reporter-output>
        </test-method> <!-- tearDown -->
        <test-method is-config="true" signature="setUp()[pri:0, instance:com.crm.GoogleAccounts.DeleteTableSettings@bef2d72]" started-at="2025-02-24T17:21:32 EET" name="setUp" finished-at="2025-02-24T17:21:33 EET" duration-ms="189" status="PASS">
          <reporter-output>
          </reporter-output>
        </test-method> <!-- setUp -->
        <test-method signature="signIn(java.lang.String,java.lang.String)[pri:0, instance:com.crm.GoogleAccounts.DeleteTableSettings@bef2d72]" started-at="2025-02-24T17:21:33 EET" name="signIn" data-provider="MediaBuyerGlobalCredentials" finished-at="2025-02-24T17:21:59 EET" duration-ms="26650" status="FAIL">
          <params>
            <param index="0">
              <value>
                <![CDATA[edward.s@vebo.io]]>
              </value>
            </param>
            <param index="1">
              <value>
                <![CDATA[j8L3pc5hJ20Sjn10Lp!]]>
              </value>
            </param>
          </params>
          <exception class="org.openqa.selenium.TimeoutException">
            <message>
              <![CDATA[Expected condition failed: waiting for element to be clickable: By.cssSelector: i.fas.fa-trash.text-red-600 (tried for 10 second(s) with 500 milliseconds interval)
Build info: version: '4.23.1', revision: '656257d8e9'
System info: os.name: 'Linux', os.arch: 'amd64', os.version: '6.9.3-76060903-generic', java.version: '21.0.6'
Driver info: org.openqa.selenium.chrome.ChromeDriver
Capabilities {acceptInsecureCerts: false, browserName: chrome, browserVersion: 133.0.6943.126, chrome: {chromedriverVersion: 133.0.6943.126 (cffa127ce7b..., userDataDir: /tmp/.org.chromium.Chromium...}, fedcm:accounts: true, goog:chromeOptions: {debuggerAddress: localhost:43135}, networkConnectionEnabled: false, pageLoadStrategy: normal, platformName: linux, proxy: Proxy(), se:cdp: ws://localhost:43135/devtoo..., se:cdpVersion: 133.0.6943.126, setWindowRect: true, strictFileInteractability: false, timeouts: {implicit: 0, pageLoad: 300000, script: 30000}, unhandledPromptBehavior: dismiss and notify, webauthn:extension:credBlob: true, webauthn:extension:largeBlob: true, webauthn:extension:minPinLength: true, webauthn:extension:prf: true, webauthn:virtualAuthenticators: true}
Session ID: 58d58718bde0d393eba41ca224d94d01]]>
            </message>
            <full-stacktrace>
              <![CDATA[org.openqa.selenium.TimeoutException: Expected condition failed: waiting for element to be clickable: By.cssSelector: i.fas.fa-trash.text-red-600 (tried for 10 second(s) with 500 milliseconds interval)
Build info: version: '4.23.1', revision: '656257d8e9'
System info: os.name: 'Linux', os.arch: 'amd64', os.version: '6.9.3-76060903-generic', java.version: '21.0.6'
Driver info: org.openqa.selenium.chrome.ChromeDriver
Capabilities {acceptInsecureCerts: false, browserName: chrome, browserVersion: 133.0.6943.126, chrome: {chromedriverVersion: 133.0.6943.126 (cffa127ce7b..., userDataDir: /tmp/.org.chromium.Chromium...}, fedcm:accounts: true, goog:chromeOptions: {debuggerAddress: localhost:43135}, networkConnectionEnabled: false, pageLoadStrategy: normal, platformName: linux, proxy: Proxy(), se:cdp: ws://localhost:43135/devtoo..., se:cdpVersion: 133.0.6943.126, setWindowRect: true, strictFileInteractability: false, timeouts: {implicit: 0, pageLoad: 300000, script: 30000}, unhandledPromptBehavior: dismiss and notify, webauthn:extension:credBlob: true, webauthn:extension:largeBlob: true, webauthn:extension:minPinLength: true, webauthn:extension:prf: true, webauthn:virtualAuthenticators: true}
Session ID: 58d58718bde0d393eba41ca224d94d01
at org.openqa.selenium.support.ui.WebDriverWait.timeoutException(WebDriverWait.java:84)
at org.openqa.selenium.support.ui.FluentWait.until(FluentWait.java:228)
at com.crm.GoogleAccounts.DeleteTableSettings.signIn(DeleteTableSettings.java:52)
at java.base/jdk.internal.reflect.DirectMethodHandleAccessor.invoke(DirectMethodHandleAccessor.java:103)
at java.base/java.lang.reflect.Method.invoke(Method.java:580)
at org.testng.internal.invokers.MethodInvocationHelper.invokeMethod(MethodInvocationHelper.java:136)
at org.testng.internal.invokers.TestInvoker.invokeMethod(TestInvoker.java:658)
at org.testng.internal.invokers.TestInvoker.invokeTestMethod(TestInvoker.java:219)
at org.testng.internal.invokers.MethodRunner.runInSequence(MethodRunner.java:50)
at org.testng.internal.invokers.TestInvoker$MethodInvocationAgent.invoke(TestInvoker.java:923)
at org.testng.internal.invokers.TestInvoker.invokeTestMethods(TestInvoker.java:192)
at org.testng.internal.invokers.TestMethodWorker.invokeTestMethods(TestMethodWorker.java:146)
at org.testng.internal.invokers.TestMethodWorker.run(TestMethodWorker.java:128)
at java.base/java.util.ArrayList.forEach(ArrayList.java:1596)
at org.testng.TestRunner.privateRun(TestRunner.java:808)
at org.testng.TestRunner.run(TestRunner.java:603)
at org.testng.SuiteRunner.runTest(SuiteRunner.java:429)
at org.testng.SuiteRunner.runSequentially(SuiteRunner.java:423)
at org.testng.SuiteRunner.privateRun(SuiteRunner.java:383)
at org.testng.SuiteRunner.run(SuiteRunner.java:326)
at org.testng.SuiteRunnerWorker.runSuite(SuiteRunnerWorker.java:52)
at org.testng.SuiteRunnerWorker.run(SuiteRunnerWorker.java:95)
at org.testng.TestNG.runSuitesSequentially(TestNG.java:1249)
at org.testng.TestNG.runSuitesLocally(TestNG.java:1169)
at org.testng.TestNG.runSuites(TestNG.java:1092)
at org.testng.TestNG.run(TestNG.java:1060)
at org.apache.maven.surefire.testng.TestNGExecutor.run(TestNGExecutor.java:308)
at org.apache.maven.surefire.testng.TestNGXmlTestSuite.execute(TestNGXmlTestSuite.java:71)
at org.apache.maven.surefire.testng.TestNGProvider.invoke(TestNGProvider.java:113)
at org.apache.maven.surefire.booter.ForkedBooter.runSuitesInProcess(ForkedBooter.java:385)
at org.apache.maven.surefire.booter.ForkedBooter.execute(ForkedBooter.java:162)
at org.apache.maven.surefire.booter.ForkedBooter.run(ForkedBooter.java:507)
at org.apache.maven.surefire.booter.ForkedBooter.main(ForkedBooter.java:495)
]]>
            </full-stacktrace>
          </exception> <!-- org.openqa.selenium.TimeoutException -->
          <reporter-output>
            <line>
              <![CDATA[Utilizator edward.s@vebo.io s-a logat]]>
            </line>
            <line>
              <![CDATA[Debug Bar a fost ascuns]]>
            </line>
          </reporter-output>
        </test-method> <!-- signIn -->
        <test-method is-config="true" signature="tearDown()[pri:0, instance:com.crm.GoogleAccounts.DeleteTableSettings@bef2d72]" started-at="2025-02-24T17:21:59 EET" name="tearDown" finished-at="2025-02-24T17:21:59 EET" duration-ms="71" status="PASS">
          <reporter-output>
          </reporter-output>
        </test-method> <!-- tearDown -->
        <test-method is-config="true" signature="setUp()[pri:0, instance:com.crm.GoogleAccounts.DeleteTableSettings@bef2d72]" started-at="2025-02-24T17:21:59 EET" name="setUp" finished-at="2025-02-24T17:22:00 EET" duration-ms="221" status="PASS">
          <reporter-output>
          </reporter-output>
        </test-method> <!-- setUp -->
        <test-method signature="signIn(java.lang.String,java.lang.String)[pri:0, instance:com.crm.GoogleAccounts.DeleteTableSettings@bef2d72]" started-at="2025-02-24T17:22:00 EET" name="signIn" data-provider="MediaBuyerGlobalCredentials" finished-at="2025-02-24T17:22:18 EET" duration-ms="18337" status="FAIL">
          <params>
            <param index="0">
              <value>
                <![CDATA[andreic@vebo.io]]>
              </value>
            </param>
            <param index="1">
              <value>
                <![CDATA[j8L3pc5hJ20Sjn10Lp!]]>
              </value>
            </param>
          </params>
          <exception class="org.openqa.selenium.ElementClickInterceptedException">
            <message>
              <![CDATA[element click intercepted: Element <button type="button" class="btn btn-alt-primary mr-md-1" id="save-modal-swap-list" data-wizard="next">...</button> is not clickable at point (2237, 1463). Other element would receive the click: <div class="modal animated bounceInUp show" id="swap-modal-element" tabindex="-1" role="dialog" aria-labelledby="modal-block-large" aria-modal="true" style="display: block;">...</div>
  (Session info: chrome=133.0.6943.126)
Build info: version: '4.23.1', revision: '656257d8e9'
System info: os.name: 'Linux', os.arch: 'amd64', os.version: '6.9.3-76060903-generic', java.version: '21.0.6'
Driver info: org.openqa.selenium.chrome.ChromeDriver
Command: [31029f7ea736b977915517349424d3af, clickElement {id=f.76250DC4FF73E99D8F012D44EDD3CE40.d.C86E0FAFFBC4895748E54B662561E8D4.e.1424}]
Capabilities {acceptInsecureCerts: false, browserName: chrome, browserVersion: 133.0.6943.126, chrome: {chromedriverVersion: 133.0.6943.126 (cffa127ce7b..., userDataDir: /tmp/.org.chromium.Chromium...}, fedcm:accounts: true, goog:chromeOptions: {debuggerAddress: localhost:40147}, networkConnectionEnabled: false, pageLoadStrategy: normal, platformName: linux, proxy: Proxy(), se:cdp: ws://localhost:40147/devtoo..., se:cdpVersion: 133.0.6943.126, setWindowRect: true, strictFileInteractability: false, timeouts: {implicit: 0, pageLoad: 300000, script: 30000}, unhandledPromptBehavior: dismiss and notify, webauthn:extension:credBlob: true, webauthn:extension:largeBlob: true, webauthn:extension:minPinLength: true, webauthn:extension:prf: true, webauthn:virtualAuthenticators: true}
Element: [[ChromeDriver: chrome on linux (31029f7ea736b977915517349424d3af)] -> css selector: .btn[data-wizard='next']]
Session ID: 31029f7ea736b977915517349424d3af]]>
            </message>
            <full-stacktrace>
              <![CDATA[org.openqa.selenium.ElementClickInterceptedException: element click intercepted: Element <button type="button" class="btn btn-alt-primary mr-md-1" id="save-modal-swap-list" data-wizard="next">...</button> is not clickable at point (2237, 1463). Other element would receive the click: <div class="modal animated bounceInUp show" id="swap-modal-element" tabindex="-1" role="dialog" aria-labelledby="modal-block-large" aria-modal="true" style="display: block;">...</div>
  (Session info: chrome=133.0.6943.126)
Build info: version: '4.23.1', revision: '656257d8e9'
System info: os.name: 'Linux', os.arch: 'amd64', os.version: '6.9.3-76060903-generic', java.version: '21.0.6'
Driver info: org.openqa.selenium.chrome.ChromeDriver
Command: [31029f7ea736b977915517349424d3af, clickElement {id=f.76250DC4FF73E99D8F012D44EDD3CE40.d.C86E0FAFFBC4895748E54B662561E8D4.e.1424}]
Capabilities {acceptInsecureCerts: false, browserName: chrome, browserVersion: 133.0.6943.126, chrome: {chromedriverVersion: 133.0.6943.126 (cffa127ce7b..., userDataDir: /tmp/.org.chromium.Chromium...}, fedcm:accounts: true, goog:chromeOptions: {debuggerAddress: localhost:40147}, networkConnectionEnabled: false, pageLoadStrategy: normal, platformName: linux, proxy: Proxy(), se:cdp: ws://localhost:40147/devtoo..., se:cdpVersion: 133.0.6943.126, setWindowRect: true, strictFileInteractability: false, timeouts: {implicit: 0, pageLoad: 300000, script: 30000}, unhandledPromptBehavior: dismiss and notify, webauthn:extension:credBlob: true, webauthn:extension:largeBlob: true, webauthn:extension:minPinLength: true, webauthn:extension:prf: true, webauthn:virtualAuthenticators: true}
Element: [[ChromeDriver: chrome on linux (31029f7ea736b977915517349424d3af)] -> css selector: .btn[data-wizard='next']]
Session ID: 31029f7ea736b977915517349424d3af
at java.base/jdk.internal.reflect.DirectConstructorHandleAccessor.newInstance(DirectConstructorHandleAccessor.java:62)
at java.base/java.lang.reflect.Constructor.newInstanceWithCaller(Constructor.java:502)
at java.base/java.lang.reflect.Constructor.newInstance(Constructor.java:486)
at org.openqa.selenium.remote.ErrorCodec.decode(ErrorCodec.java:167)
at org.openqa.selenium.remote.codec.w3c.W3CHttpResponseCodec.decode(W3CHttpResponseCodec.java:138)
at org.openqa.selenium.remote.codec.w3c.W3CHttpResponseCodec.decode(W3CHttpResponseCodec.java:50)
at org.openqa.selenium.remote.HttpCommandExecutor.execute(HttpCommandExecutor.java:190)
at org.openqa.selenium.remote.service.DriverCommandExecutor.invokeExecute(DriverCommandExecutor.java:216)
at org.openqa.selenium.remote.service.DriverCommandExecutor.execute(DriverCommandExecutor.java:174)
at org.openqa.selenium.remote.RemoteWebDriver.execute(RemoteWebDriver.java:545)
at org.openqa.selenium.remote.RemoteWebElement.execute(RemoteWebElement.java:223)
at org.openqa.selenium.remote.RemoteWebElement.click(RemoteWebElement.java:76)
at com.crm.GoogleAccounts.DeleteTableSettings.signIn(DeleteTableSettings.java:49)
at java.base/jdk.internal.reflect.DirectMethodHandleAccessor.invoke(DirectMethodHandleAccessor.java:103)
at java.base/java.lang.reflect.Method.invoke(Method.java:580)
at org.testng.internal.invokers.MethodInvocationHelper.invokeMethod(MethodInvocationHelper.java:136)
at org.testng.internal.invokers.TestInvoker.invokeMethod(TestInvoker.java:658)
at org.testng.internal.invokers.TestInvoker.invokeTestMethod(TestInvoker.java:219)
at org.testng.internal.invokers.MethodRunner.runInSequence(MethodRunner.java:50)
at org.testng.internal.invokers.TestInvoker$MethodInvocationAgent.invoke(TestInvoker.java:923)
at org.testng.internal.invokers.TestInvoker.invokeTestMethods(TestInvoker.java:192)
at org.testng.internal.invokers.TestMethodWorker.invokeTestMethods(TestMethodWorker.java:146)
at org.testng.internal.invokers.TestMethodWorker.run(TestMethodWorker.java:128)
at java.base/java.util.ArrayList.forEach(ArrayList.java:1596)
at org.testng.TestRunner.privateRun(TestRunner.java:808)
at org.testng.TestRunner.run(TestRunner.java:603)
at org.testng.SuiteRunner.runTest(SuiteRunner.java:429)
at org.testng.SuiteRunner.runSequentially(SuiteRunner.java:423)
at org.testng.SuiteRunner.privateRun(SuiteRunner.java:383)
at org.testng.SuiteRunner.run(SuiteRunner.java:326)
at org.testng.SuiteRunnerWorker.runSuite(SuiteRunnerWorker.java:52)
at org.testng.SuiteRunnerWorker.run(SuiteRunnerWorker.java:95)
at org.testng.TestNG.runSuitesSequentially(TestNG.java:1249)
at org.testng.TestNG.runSuitesLocally(TestNG.java:1169)
at org.testng.TestNG.runSuites(TestNG.java:1092)
at org.testng.TestNG.run(TestNG.java:1060)
at org.apache.maven.surefire.testng.TestNGExecutor.run(TestNGExecutor.java:308)
at org.apache.maven.surefire.testng.TestNGXmlTestSuite.execute(TestNGXmlTestSuite.java:71)
at org.apache.maven.surefire.testng.TestNGProvider.invoke(TestNGProvider.java:113)
at org.apache.maven.surefire.booter.ForkedBooter.runSuitesInProcess(ForkedBooter.java:385)
at org.apache.maven.surefire.booter.ForkedBooter.execute(ForkedBooter.java:162)
at org.apache.maven.surefire.booter.ForkedBooter.run(ForkedBooter.java:507)
at org.apache.maven.surefire.booter.ForkedBooter.main(ForkedBooter.java:495)
]]>
            </full-stacktrace>
          </exception> <!-- org.openqa.selenium.ElementClickInterceptedException -->
          <reporter-output>
            <line>
              <![CDATA[Utilizator andreic@vebo.io s-a logat]]>
            </line>
            <line>
              <![CDATA[Debug Bar a fost ascuns]]>
            </line>
          </reporter-output>
        </test-method> <!-- signIn -->
        <test-method is-config="true" signature="tearDown()[pri:0, instance:com.crm.GoogleAccounts.DeleteTableSettings@bef2d72]" started-at="2025-02-24T17:22:18 EET" name="tearDown" finished-at="2025-02-24T17:22:18 EET" duration-ms="86" status="PASS">
          <reporter-output>
          </reporter-output>
        </test-method> <!-- tearDown -->
      </class> <!-- com.crm.GoogleAccounts.DeleteTableSettings -->
      <class name="com.crm.GoogleAccounts.FindAndDeleteGoogleAccountTest">
        <test-method is-config="true" signature="setUp()[pri:0, instance:com.crm.GoogleAccounts.FindAndDeleteGoogleAccountTest@69b2283a]" started-at="2025-02-24T17:22:18 EET" name="setUp" finished-at="2025-02-24T17:22:18 EET" duration-ms="321" status="PASS">
          <reporter-output>
          </reporter-output>
        </test-method> <!-- setUp -->
        <test-method signature="signIn(java.lang.String,java.lang.String)[pri:0, instance:com.crm.GoogleAccounts.FindAndDeleteGoogleAccountTest@69b2283a]" started-at="2025-02-24T17:22:18 EET" name="signIn" data-provider="GlobalCred" finished-at="2025-02-24T17:22:37 EET" duration-ms="18626" status="PASS">
          <params>
            <param index="0">
              <value>
                <![CDATA[victor.cristea@vebo.io]]>
              </value>
            </param>
            <param index="1">
              <value>
                <![CDATA[j8L3pc5hJ20Sjn10Lp!]]>
              </value>
            </param>
          </params>
          <reporter-output>
            <line>
              <![CDATA[Utilizator victor.cristea@vebo.io s-a logat]]>
            </line>
            <line>
              <![CDATA[Debug Bar a fost ascuns]]>
            </line>
            <line>
              <![CDATA[S-a navigat cu succes la pagina - Google accounts - iCRM v.37.71]]>
            </line>
            <line>
              <![CDATA[A fost sters cu succes contul - GoogleAccountNameTestJava]]>
            </line>
          </reporter-output>
        </test-method> <!-- signIn -->
        <test-method is-config="true" signature="tearDown()[pri:0, instance:com.crm.GoogleAccounts.FindAndDeleteGoogleAccountTest@69b2283a]" started-at="2025-02-24T17:22:37 EET" name="tearDown" finished-at="2025-02-24T17:22:37 EET" duration-ms="0" status="PASS">
          <reporter-output>
          </reporter-output>
        </test-method> <!-- tearDown -->
      </class> <!-- com.crm.GoogleAccounts.FindAndDeleteGoogleAccountTest -->
      <class name="com.crm.GoogleAccounts.UpdateGoogleAccount">
        <test-method is-config="true" signature="setUp()[pri:0, instance:com.crm.GoogleAccounts.UpdateGoogleAccount@10e92f8f]" started-at="2025-02-24T17:16:32 EET" name="setUp" finished-at="2025-02-24T17:16:32 EET" duration-ms="199" status="PASS">
          <reporter-output>
          </reporter-output>
        </test-method> <!-- setUp -->
        <test-method signature="signIn(java.lang.String,java.lang.String)[pri:0, instance:com.crm.GoogleAccounts.UpdateGoogleAccount@10e92f8f]" started-at="2025-02-24T17:16:32 EET" name="signIn" data-provider="GlobalCred" finished-at="2025-02-24T17:16:58 EET" duration-ms="26261" status="PASS">
          <params>
            <param index="0">
              <value>
                <![CDATA[victor.cristea@vebo.io]]>
              </value>
            </param>
            <param index="1">
              <value>
                <![CDATA[j8L3pc5hJ20Sjn10Lp!]]>
              </value>
            </param>
          </params>
          <reporter-output>
            <line>
              <![CDATA[Utilizator victor.cristea@vebo.io s-a logat]]>
            </line>
            <line>
              <![CDATA[Debug Bar a fost ascuns]]>
            </line>
            <line>
              <![CDATA[S-a navigat cu succes la pagina - Google accounts - iCRM v.37.71]]>
            </line>
            <line>
              <![CDATA[Header is empty for index 0
]]>
            </line>
            <line>
              <![CDATA[Name -> GoogleAccountUpdatedTestJava
]]>
            </line>
            <line>
              <![CDATA[Status -> ID Verification
]]>
            </line>
            <line>
              <![CDATA[Batch Name -> SuperADS
]]>
            </line>
            <line>
              <![CDATA[Price -> $30
]]>
            </line>
            <line>
              <![CDATA[Card Name -> UA-FDT-10 6934, UA-FDT-15 0904
]]>
            </line>
            <line>
              <![CDATA[Account Id -> 2345678901
]]>
            </line>
            <line>
              <![CDATA[Account Source -> FJ
]]>
            </line>
            <line>
              <![CDATA[First Last Name -> FirstNameTestUpdated LastNameTestUpdated
]]>
            </line>
            <line>
              <![CDATA[Source Delivery Date -> 2025-02-24
]]>
            </line>
            <line>
              <![CDATA[Login -> AutomationTestJavaUserUpdated
]]>
            </line>
            <line>
              <![CDATA[Password -> AutomationTestJavaPassUpdated
]]>
            </line>
            <line>
              <![CDATA[Proxy -> 93.89.220.67:12323:14acf158ac3e3:1955db5d81
]]>
            </line>
            <line>
              <![CDATA[Proxy Type -> Residential
]]>
            </line>
            <line>
              <![CDATA[Account RDP -> Download RDP File
]]>
            </line>
            <line>
              <![CDATA[Account Owner -> Dorin M
]]>
            </line>
            <line>
              <![CDATA[Account Domains -> spinandgo.net (-), poobest.com (-)
]]>
            </line>
            <line>
              <![CDATA[Domain -> spinandgo.net
]]>
            </line>
            <line>
              <![CDATA[MB Comments -> 1commentMB / 2commentsMB / 3commentsMB
]]>
            </line>
            <line>
              <![CDATA[Farmer -> -
]]>
            </line>
            <line>
              <![CDATA[Farmer Comments -> 1comment / 2comments / 3comments
]]>
            </line>
            <line>
              <![CDATA[Last Update -> 2025-02-24 17:16
]]>
            </line>
            <line>
              <![CDATA[Email Login -> AutomationEmail@Login
]]>
            </line>
            <line>
              <![CDATA[Email Password -> AutomationEmail@Password
]]>
            </line>
            <line>
              <![CDATA[Warming Cost -> -
]]>
            </line>
            <line>
              <![CDATA[Monthly Fees -> -
]]>
            </line>
            <line>
              <![CDATA[Revenue -> -
]]>
            </line>
            <line>
              <![CDATA[Profit -> -
]]>
            </line>
            <line>
              <![CDATA[Spend -> -
]]>
            </line>
            <line>
              <![CDATA[BH Spend -> -
]]>
            </line>
            <line>
              <![CDATA[Other Fees -> 1234
]]>
            </line>
            <line>
              <![CDATA[MB Delivery Date -> 2025-02-11 12:00:00
]]>
            </line>
            <line>
              <![CDATA[BH Date -> 2025-02-13
]]>
            </line>
            <line>
              <![CDATA[Ban Date -> -
]]>
            </line>
            <line>
              <![CDATA[Ban Reason -> -
]]>
            </line>
            <line>
              <![CDATA[Spend On Ban -> -
]]>
            </line>
            <line>
              <![CDATA[Under Review Reason -> -
]]>
            </line>
            <line>
              <![CDATA[Under Review Date -> -
]]>
            </line>
            <line>
              <![CDATA[Created At -> 2025-02-24 16:33:59
]]>
            </line>
            <line>
              <![CDATA[ID Verification -> 2025-02-06 12:00:00
]]>
            </line>
            <line>
              <![CDATA[2FA -> Copy
]]>
            </line>
            <line>
              <![CDATA[License -> AutomationTestLicense
]]>
            </line>
            <line>
              <![CDATA[GEO -> ATGU
]]>
            </line>
            <line>
              <![CDATA[Usage -> DISPLAY
]]>
            </line>
            <line>
              <![CDATA[Status Logs -> 24 February - ID Verification (Victor Cristea), 24 February - Active (Victor Cristea)
]]>
            </line>
            <line>
              <![CDATA[Sync From Date -> 2025-02-08
]]>
            </line>
            <line>
              <![CDATA[Backup Code -> 7781 2286 7437 6456 9022 9765
]]>
            </line>
            <line>
              <![CDATA[Campaigns Spreadsheet -> -
]]>
            </line>
            <line>
              <![CDATA[Age -> 0 days
]]>
            </line>
            <line>
              <![CDATA[Action -> 
]]>
            </line>
            <line>
              <![CDATA[Keyword-ul 'GoogleAccountUpdatedTestJava' a fost găsit în prima linie a tabelului.]]>
            </line>
          </reporter-output>
        </test-method> <!-- signIn -->
        <test-method is-config="true" signature="tearDown()[pri:0, instance:com.crm.GoogleAccounts.UpdateGoogleAccount@10e92f8f]" started-at="2025-02-24T17:16:58 EET" name="tearDown" finished-at="2025-02-24T17:16:58 EET" duration-ms="0" status="PASS">
          <reporter-output>
          </reporter-output>
        </test-method> <!-- tearDown -->
      </class> <!-- com.crm.GoogleAccounts.UpdateGoogleAccount -->
      <class name="com.crm.GoogleAccounts.CreateAndOrderTableSettings">
        <test-method is-config="true" signature="setUp()[pri:0, instance:com.crm.GoogleAccounts.CreateAndOrderTableSettings@7ce3cb8e]" started-at="2025-02-24T17:16:58 EET" name="setUp" finished-at="2025-02-24T17:16:59 EET" duration-ms="303" status="PASS">
          <reporter-output>
          </reporter-output>
        </test-method> <!-- setUp -->
        <test-method signature="signIn(java.lang.String,java.lang.String)[pri:0, instance:com.crm.GoogleAccounts.CreateAndOrderTableSettings@7ce3cb8e]" started-at="2025-02-24T17:16:59 EET" name="signIn" data-provider="MediaBuyerGlobalCredentials" finished-at="2025-02-24T17:17:28 EET" duration-ms="29216" status="PASS">
          <params>
            <param index="0">
              <value>
                <![CDATA[victor.cristea@vebo.io]]>
              </value>
            </param>
            <param index="1">
              <value>
                <![CDATA[j8L3pc5hJ20Sjn10Lp!]]>
              </value>
            </param>
          </params>
          <reporter-output>
            <line>
              <![CDATA[Utilizator victor.cristea@vebo.io s-a logat]]>
            </line>
            <line>
              <![CDATA[Debug Bar a fost ascuns]]>
            </line>
            <line>
              <![CDATA[Utilizatorul a navigat cu succes la pagina - Google accounts - iCRM v.37.71]]>
            </line>
            <line>
              <![CDATA[A fost creat cu succes noua setare cu coloanele:
]]>
            </line>
            <line>
              <![CDATA[Header is empty for index ]]>
            </line>
            <line>
              <![CDATA[Name -> CC-23]]>
            </line>
            <line>
              <![CDATA[Status -> New]]>
            </line>
            <line>
              <![CDATA[Batch Name -> CDS-b-1]]>
            </line>
            <line>
              <![CDATA[Price -> $200]]>
            </line>
            <line>
              <![CDATA[Card Name -> -]]>
            </line>
            <line>
              <![CDATA[Account Id -> 3338872225]]>
            </line>
            <line>
              <![CDATA[Account Source -> CDS-infarmed]]>
            </line>
            <line>
              <![CDATA[First Last Name -> -]]>
            </line>
            <line>
              <![CDATA[Login -> trafdiacdunecen1985@outlook.com]]>
            </line>
            <line>
              <![CDATA[Password -> CUgqDWvGDA]]>
            </line>
            <line>
              <![CDATA[Proxy -> -]]>
            </line>
            <line>
              <![CDATA[Proxy Type -> -]]>
            </line>
            <line>
              <![CDATA[Account RDP -> identi MLA]]>
            </line>
            <line>
              <![CDATA[Account Owner -> Sergiu Ursu]]>
            </line>
            <line>
              <![CDATA[Domain -> andersonmechanic.com]]>
            </line>
            <line>
              <![CDATA[Farmer -> CDS]]>
            </line>
            <line>
              <![CDATA[Last Update -> 2025-02-18 19:32]]>
            </line>
            <line>
              <![CDATA[Email Login -> -]]>
            </line>
            <line>
              <![CDATA[Email Password -> -]]>
            </line>
            <line>
              <![CDATA[Warming Cost -> 7.66]]>
            </line>
            <line>
              <![CDATA[Monthly Fees -> -]]>
            </line>
            <line>
              <![CDATA[Under Review Reason -> -]]>
            </line>
            <line>
              <![CDATA[Revenue -> -]]>
            </line>
            <line>
              <![CDATA[Profit -> -7.66]]>
            </line>
            <line>
              <![CDATA[Spend -> 7.66]]>
            </line>
            <line>
              <![CDATA[BH Spend -> -]]>
            </line>
            <line>
              <![CDATA[Other Fees -> -]]>
            </line>
            <line>
              <![CDATA[MB Delivery Date -> 2025-02-18 16:49:40]]>
            </line>
            <line>
              <![CDATA[BH Date -> -]]>
            </line>
            <line>
              <![CDATA[Ban Date -> -]]>
            </line>
            <line>
              <![CDATA[Ban Reason -> -]]>
            </line>
            <line>
              <![CDATA[Spend On Ban -> -]]>
            </line>
            <line>
              <![CDATA[Under Review Date -> -]]>
            </line>
            <line>
              <![CDATA[ID Verification -> -]]>
            </line>
            <line>
              <![CDATA[2FA -> Copy]]>
            </line>
            <line>
              <![CDATA[License -> -]]>
            </line>
            <line>
              <![CDATA[GEO -> GR]]>
            </line>
            <line>
              <![CDATA[Usage -> SEARCH]]>
            </line>
            <line>
              <![CDATA[Status Logs -> 18 February - Delivery (Alexandru Iurcu)]]>
            </line>
            <line>
              <![CDATA[Campaigns Spreadsheet -> -]]>
            </line>
            <line>
              <![CDATA[Age -> 6 days]]>
            </line>
            <line>
              <![CDATA[Action -> ]]>
            </line>
          </reporter-output>
        </test-method> <!-- signIn -->
        <test-method is-config="true" signature="tearDown()[pri:0, instance:com.crm.GoogleAccounts.CreateAndOrderTableSettings@7ce3cb8e]" started-at="2025-02-24T17:17:28 EET" name="tearDown" finished-at="2025-02-24T17:17:28 EET" duration-ms="1" status="PASS">
          <reporter-output>
          </reporter-output>
        </test-method> <!-- tearDown -->
        <test-method is-config="true" signature="setUp()[pri:0, instance:com.crm.GoogleAccounts.CreateAndOrderTableSettings@7ce3cb8e]" started-at="2025-02-24T17:17:28 EET" name="setUp" finished-at="2025-02-24T17:17:28 EET" duration-ms="189" status="PASS">
          <reporter-output>
          </reporter-output>
        </test-method> <!-- setUp -->
        <test-method signature="signIn(java.lang.String,java.lang.String)[pri:0, instance:com.crm.GoogleAccounts.CreateAndOrderTableSettings@7ce3cb8e]" started-at="2025-02-24T17:17:28 EET" name="signIn" data-provider="MediaBuyerGlobalCredentials" finished-at="2025-02-24T17:17:49 EET" duration-ms="21450" status="FAIL">
          <params>
            <param index="0">
              <value>
                <![CDATA[dorin.m@vebo.io]]>
              </value>
            </param>
            <param index="1">
              <value>
                <![CDATA[j8L3pc5hJ20Sjn10Lp!]]>
              </value>
            </param>
          </params>
          <exception class="org.openqa.selenium.NoSuchElementException">
            <message>
              <![CDATA[Cannot locate option with value: Backup Code
For documentation on this error, please visit: https://www.selenium.dev/documentation/webdriver/troubleshooting/errors#no-such-element-exception
Build info: version: '4.23.1', revision: '656257d8e9'
[...]
          </reporter-output>
        </test-method> <!-- signIn -->
        <test-method is-config="true" signature="tearDown()[pri:0, instance:com.crm.GoogleAccounts.CreateAndOrderTableSettings@7ce3cb8e]" started-at="2025-02-24T17:18:42 EET" name="tearDown" finished-at="2025-02-24T17:18:42 EET" duration-ms="74" status="PASS">
          <reporter-output>
          </reporter-output>
        </test-method> <!-- tearDown -->
      </class> <!-- com.crm.GoogleAccounts.CreateAndOrderTableSettings -->
      <class name="com.crm.GoogleAccounts.Search">
        <test-method is-config="true" signature="setUp()[pri:0, instance:com.crm.GoogleAccounts.Search@5223e5ee]" started-at="2025-02-24T17:19:38 EET" name="setUp" finished-at="2025-02-24T17:19:38 EET" duration-ms="194" status="PASS">
          <reporter-output>
          </reporter-output>
        </test-method> <!-- setUp -->
        <test-method signature="signIn(java.lang.String,java.lang.String)[pri:0, instance:com.crm.GoogleAccounts.Search@5223e5ee]" started-at="2025-02-24T17:19:38 EET" name="signIn" data-provider="MediaBuyerGlobalCredentials" finished-at="2025-02-24T17:19:53 EET" duration-ms="14873" status="PASS">
          <params>
            <param index="0">
              <value>
                <![CDATA[victor.cristea@vebo.io]]>
              </value>
            </param>
            <param index="1">
              <value>
                <![CDATA[j8L3pc5hJ20Sjn10Lp!]]>
              </value>
            </param>
          </params>
          <reporter-output>
            <line>
              <![CDATA[Utilizator victor.cristea@vebo.io s-a logat]]>
            </line>
            <line>
              <![CDATA[Debug Bar a fost ascuns]]>
            </line>
            <line>
              <![CDATA[Utilizatorul a navigat cu succes la pagina - Google accounts - iCRM v.37.71]]>
            </line>
            <line>
              <![CDATA[]]>
            </line>
            <line>
              <![CDATA[GoogleAccountUpdatedTestJava]]>
            </line>
            <line>
              <![CDATA[ID Verification]]>
            </line>
            <line>
              <![CDATA[SuperADS]]>
            </line>
            <line>
              <![CDATA[$30]]>
            </line>
            <line>
              <![CDATA[UA-FDT-10 6934, UA-FDT-15 0904]]>
            </line>
            <line>
              <![CDATA[2345678901]]>
            </line>
            <line>
              <![CDATA[FJ]]>
            </line>
            <line>
              <![CDATA[FirstNameTestUpdated LastNameTestUpdated]]>
            </line>
            <line>
              <![CDATA[AutomationTestJavaUserUpdated]]>
            </line>
            <line>
              <![CDATA[AutomationTestJavaPassUpdated]]>
            </line>
            <line>
              <![CDATA[93.89.220.67:12323:14acf158ac3e3:1955db5d81]]>
            </line>
            <line>
              <![CDATA[Residential]]>
            </line>
            <line>
              <![CDATA[Download RDP File]]>
            </line>
            <line>
              <![CDATA[Dorin M]]>
            </line>
            <line>
              <![CDATA[spinandgo.net]]>
            </line>
            <line>
              <![CDATA[-]]>
            </line>
            <line>
              <![CDATA[2025-02-24 17:16]]>
            </line>
            <line>
              <![CDATA[AutomationEmail@Login]]>
            </line>
            <line>
              <![CDATA[AutomationEmail@Password]]>
            </line>
            <line>
              <![CDATA[-]]>
            </line>
            <line>
              <![CDATA[-]]>
            </line>
            <line>
              <![CDATA[-]]>
            </line>
            <line>
              <![CDATA[-]]>
            </line>
            <line>
              <![CDATA[-]]>
            </line>
            <line>
              <![CDATA[-]]>
            </line>
            <line>
              <![CDATA[-]]>
            </line>
            <line>
              <![CDATA[1234]]>
            </line>
            <line>
              <![CDATA[2025-02-11 12:00:00]]>
            </line>
            <line>
              <![CDATA[2025-02-13]]>
            </line>
            <line>
              <![CDATA[-]]>
            </line>
            <line>
              <![CDATA[-]]>
            </line>
            <line>
              <![CDATA[-]]>
            </line>
            <line>
              <![CDATA[-]]>
            </line>
            <line>
              <![CDATA[2025-02-06 12:00:00]]>
            </line>
            <line>
              <![CDATA[Copy]]>
            </line>
            <line>
              <![CDATA[AutomationTestLicense]]>
            </line>
            <line>
              <![CDATA[ATGU]]>
            </line>
            <line>
              <![CDATA[DISPLAY]]>
            </line>
            <line>
              <![CDATA[24 February - ID Verification (Victor Cristea), 24 February - Active (Victor Cristea)]]>
            </line>
            <line>
              <![CDATA[-]]>
            </line>
            <line>
              <![CDATA[0 days]]>
            </line>
            <line>
              <![CDATA[]]>
            </line>
            <line>
              <![CDATA[Keyword-ul 'GoogleAccountUpdatedTestJava' a fost găsit în prima linie a tabelului.]]>
            </line>
          </reporter-output>
        </test-method> <!-- signIn -->
        <test-method is-config="true" signature="setUp()[pri:0, instance:com.crm.GoogleAccounts.Search@5223e5ee]" started-at="2025-02-24T17:19:53 EET" name="setUp" finished-at="2025-02-24T17:19:53 EET" duration-ms="192" status="PASS">
          <reporter-output>
          </reporter-output>
        </test-method> <!-- setUp -->
        <test-method is-config="true" signature="tearDown()[pri:0, instance:com.crm.GoogleAccounts.Search@5223e5ee]" started-at="2025-02-24T17:19:53 EET" name="tearDown" finished-at="2025-02-24T17:19:53 EET" duration-ms="0" status="PASS">
          <reporter-output>
          </reporter-output>
        </test-method> <!-- tearDown -->
        <test-method signature="signIn(java.lang.String,java.lang.String)[pri:0, instance:com.crm.GoogleAccounts.Search@5223e5ee]" started-at="2025-02-24T17:19:53 EET" name="signIn" data-provider="MediaBuyerGlobalCredentials" finished-at="2025-02-24T17:20:08 EET" duration-ms="15593" status="PASS">
          <params>
            <param index="0">
              <value>
                <![CDATA[dorin.m@vebo.io]]>
              </value>
            </param>
            <param index="1">
              <value>
                <![CDATA[j8L3pc5hJ20Sjn10Lp!]]>
              </value>
            </param>
          </params>
          <reporter-output>
            <line>
              <![CDATA[Utilizator dorin.m@vebo.io s-a logat]]>
            </line>
            <line>
              <![CDATA[Debug Bar a fost ascuns]]>
            </line>
            <line>
              <![CDATA[Utilizatorul a navigat cu succes la pagina - Google accounts - iCRM v.37.71]]>
            </line>
            <line>
              <![CDATA[]]>
            </line>
            <line>
              <![CDATA[GoogleAccountUpdatedTestJava]]>
            </line>
            <line>
              <![CDATA[ID Verification]]>
            </line>
            <line>
              <![CDATA[ATGU]]>
            </line>
            <line>
              <![CDATA[Dorin M]]>
            </line>
            <line>
              <![CDATA[$30]]>
            </line>
            <line>
              <![CDATA[Download RDP File]]>
            </line>
            <line>
              <![CDATA[Copy]]>
            </line>
            <line>
              <![CDATA[spinandgo.net (-), poobest.com (-)]]>
            </line>
            <line>
              <![CDATA[SuperADS]]>
            </line>
            <line>
              <![CDATA[2345678901]]>
            </line>
            <line>
              <![CDATA[FJ]]>
            </line>
            <line>
              <![CDATA[2025-02-24]]>
            </line>
            <line>
              <![CDATA[AutomationTestJavaUserUpdated]]>
            </line>
            <line>
              <![CDATA[AutomationTestJavaPassUpdated]]>
            </line>
            <line>
              <![CDATA[spinandgo.net]]>
            </line>
            <line>
              <![CDATA[1commentMB / 2commentsMB / 3commentsMB]]>
            </line>
            <line>
              <![CDATA[1comment / 2comments / 3comments]]>
            </line>
            <line>
              <![CDATA[2025-02-24 17:16]]>
            </line>
            <line>
              <![CDATA[-]]>
            </line>
            <line>
              <![CDATA[-]]>
            </line>
            <line>
              <![CDATA[-]]>
            </line>
            <line>
              <![CDATA[-]]>
            </line>
            <line>
              <![CDATA[-]]>
            </line>
            <line>
              <![CDATA[-]]>
            </line>
            <line>
              <![CDATA[1234]]>
            </line>
            <line>
              <![CDATA[2025-02-11 12:00:00]]>
            </line>
            <line>
              <![CDATA[2025-02-13]]>
            </line>
            <line>
              <![CDATA[-]]>
            </line>
            <line>
              <![CDATA[2025-02-24 16:33:59]]>
            </line>
            <line>
              <![CDATA[AutomationTestLicense]]>
            </line>
            <line>
              <![CDATA[24 February - ID Verification (Victor Cristea), 24 February - Active (Victor Cristea)]]>
            </line>
            <line>
              <![CDATA[-]]>
            </line>
            <line>
              <![CDATA[]]>
            </line>
            <line>
              <![CDATA[Keyword-ul 'GoogleAccountUpdatedTestJava' a fost găsit în prima linie a tabelului.]]>
            </line>
          </reporter-output>
        </test-method> <!-- signIn -->
        <test-method is-config="true" signature="tearDown()[pri:0, instance:com.crm.GoogleAccounts.Search@5223e5ee]" started-at="2025-02-24T17:20:08 EET" name="tearDown" finished-at="2025-02-24T17:20:08 EET" duration-ms="1" status="PASS">
          <reporter-output>
          </reporter-output>
        </test-method> <!-- tearDown -->
        <test-method is-config="true" signature="setUp()[pri:0, instance:com.crm.GoogleAccounts.Search@5223e5ee]" started-at="2025-02-24T17:20:08 EET" name="setUp" finished-at="2025-02-24T17:20:09 EET" duration-ms="349" status="PASS">
          <reporter-output>
          </reporter-output>
        </test-method> <!-- setUp -->
        <test-method signature="signIn(java.lang.String,java.lang.String)[pri:0, instance:com.crm.GoogleAccounts.Search@5223e5ee]" started-at="2025-02-24T17:20:09 EET" name="signIn" data-provider="MediaBuyerGlobalCredentials" finished-at="2025-02-24T17:20:25 EET" duration-ms="16031" status="FAIL">
          <params>
            <param index="0">
              <value>
                <![CDATA[edward.s@vebo.io]]>
              </value>
            </param>
            <param index="1">
              <value>
                <![CDATA[j8L3pc5hJ20Sjn10Lp!]]>
              </value>
            </param>
          </params>
          <exception class="java.lang.AssertionError">
            <message>
              <![CDATA[Keyword-ul 'GoogleAccountUpdatedTestJava' nu a fost găsit în prima linie a tabelului! expected [true] but found [false]]]>
            </message>
            <full-stacktrace>
              <![CDATA[java.lang.AssertionError: Keyword-ul 'GoogleAccountUpdatedTestJava' nu a fost găsit în prima linie a tabelului! expected [true] but found [false]
at org.testng.Assert.fail(Assert.java:110)
at org.testng.Assert.failNotEquals(Assert.java:1413)
at org.testng.Assert.assertTrue(Assert.java:56)
at com.crm.GoogleAccounts.Search.signIn(Search.java:71)
at java.base/jdk.internal.reflect.DirectMethodHandleAccessor.invoke(DirectMethodHandleAccessor.java:103)
at java.base/java.lang.reflect.Method.invoke(Method.java:580)
at org.testng.internal.invokers.MethodInvocationHelper.invokeMethod(MethodInvocationHelper.java:136)
at org.testng.internal.invokers.TestInvoker.invokeMethod(TestInvoker.java:658)
at org.testng.internal.invokers.TestInvoker.invokeTestMethod(TestInvoker.java:219)
at org.testng.internal.invokers.MethodRunner.runInSequence(MethodRunner.java:50)
at org.testng.internal.invokers.TestInvoker$MethodInvocationAgent.invoke(TestInvoker.java:923)
at org.testng.internal.invokers.TestInvoker.invokeTestMethods(TestInvoker.java:192)
at org.testng.internal.invokers.TestMethodWorker.invokeTestMethods(TestMethodWorker.java:146)
at org.testng.internal.invokers.TestMethodWorker.run(TestMethodWorker.java:128)
at java.base/java.util.ArrayList.forEach(ArrayList.java:1596)
at org.testng.TestRunner.privateRun(TestRunner.java:808)
at org.testng.TestRunner.run(TestRunner.java:603)
at org.testng.SuiteRunner.runTest(SuiteRunner.java:429)
at org.testng.SuiteRunner.runSequentially(SuiteRunner.java:423)
at org.testng.SuiteRunner.privateRun(SuiteRunner.java:383)
at org.testng.SuiteRunner.run(SuiteRunner.java:326)
at org.testng.SuiteRunnerWorker.runSuite(SuiteRunnerWorker.java:52)
at org.testng.SuiteRunnerWorker.run(SuiteRunnerWorker.java:95)
at org.testng.TestNG.runSuitesSequentially(TestNG.java:1249)
at org.testng.TestNG.runSuitesLocally(TestNG.java:1169)
at org.testng.TestNG.runSuites(TestNG.java:1092)
at org.testng.TestNG.run(TestNG.java:1060)
at org.apache.maven.surefire.testng.TestNGExecutor.run(TestNGExecutor.java:308)
at org.apache.maven.surefire.testng.TestNGXmlTestSuite.execute(TestNGXmlTestSuite.java:71)
at org.apache.maven.surefire.testng.TestNGProvider.invoke(TestNGProvider.java:113)
at org.apache.maven.surefire.booter.ForkedBooter.runSuitesInProcess(ForkedBooter.java:385)
at org.apache.maven.surefire.booter.ForkedBooter.execute(ForkedBooter.java:162)
at org.apache.maven.surefire.booter.ForkedBooter.run(ForkedBooter.java:507)
at org.apache.maven.surefire.booter.ForkedBooter.main(ForkedBooter.java:495)
]]>
            </full-stacktrace>
          </exception> <!-- java.lang.AssertionError -->
          <reporter-output>
            <line>
              <![CDATA[Utilizator edward.s@vebo.io s-a logat]]>
            </line>
            <line>
              <![CDATA[Debug Bar a fost ascuns]]>
            </line>
            <line>
              <![CDATA[Utilizatorul a navigat cu succes la pagina - Google accounts - iCRM v.37.71]]>
            </line>
            <line>
              <![CDATA[No matching records found]]>
            </line>
          </reporter-output>
        </test-method> <!-- signIn -->
        <test-method is-config="true" signature="tearDown()[pri:0, instance:com.crm.GoogleAccounts.Search@5223e5ee]" started-at="2025-02-24T17:20:25 EET" name="tearDown" finished-at="2025-02-24T17:20:25 EET" duration-ms="67" status="PASS">
          <reporter-output>
          </reporter-output>
        </test-method> <!-- tearDown -->
        <test-method is-config="true" signature="setUp()[pri:0, instance:com.crm.GoogleAccounts.Search@5223e5ee]" started-at="2025-02-24T17:20:25 EET" name="setUp" finished-at="2025-02-24T17:20:25 EET" duration-ms="228" status="PASS">
          <reporter-output>
          </reporter-output>
        </test-method> <!-- setUp -->
        <test-method signature="signIn(java.lang.String,java.lang.String)[pri:0, instance:com.crm.GoogleAccounts.Search@5223e5ee]" started-at="2025-02-24T17:20:25 EET" name="signIn" data-provider="MediaBuyerGlobalCredentials" finished-at="2025-02-24T17:20:41 EET" duration-ms="15556" status="FAIL">
          <params>
            <param index="0">
              <value>
                <![CDATA[andreic@vebo.io]]>
              </value>
            </param>
            <param index="1">
              <value>
                <![CDATA[j8L3pc5hJ20Sjn10Lp!]]>
              </value>
            </param>
          </params>
          <exception class="java.lang.AssertionError">
            <message>
              <![CDATA[Keyword-ul 'GoogleAccountUpdatedTestJava' nu a fost găsit în prima linie a tabelului! expected [true] but found [false]]]>
            </message>
            <full-stacktrace>
              <![CDATA[java.lang.AssertionError: Keyword-ul 'GoogleAccountUpdatedTestJava' nu a fost găsit în prima linie a tabelului! expected [true] but found [false]
at org.testng.Assert.fail(Assert.java:110)
at org.testng.Assert.failNotEquals(Assert.java:1413)
at org.testng.Assert.assertTrue(Assert.java:56)
at com.crm.GoogleAccounts.Search.signIn(Search.java:71)
at java.base/jdk.internal.reflect.DirectMethodHandleAccessor.invoke(DirectMethodHandleAccessor.java:103)
at java.base/java.lang.reflect.Method.invoke(Method.java:580)
at org.testng.internal.invokers.MethodInvocationHelper.invokeMethod(MethodInvocationHelper.java:136)
at org.testng.internal.invokers.TestInvoker.invokeMethod(TestInvoker.java:658)
at org.testng.internal.invokers.TestInvoker.invokeTestMethod(TestInvoker.java:219)
at org.testng.internal.invokers.MethodRunner.runInSequence(MethodRunner.java:50)
at org.testng.internal.invokers.TestInvoker$MethodInvocationAgent.invoke(TestInvoker.java:923)
at org.testng.internal.invokers.TestInvoker.invokeTestMethods(TestInvoker.java:192)
at org.testng.internal.invokers.TestMethodWorker.invokeTestMethods(TestMethodWorker.java:146)
at org.testng.internal.invokers.TestMethodWorker.run(TestMethodWorker.java:128)
at java.base/java.util.ArrayList.forEach(ArrayList.java:1596)
at org.testng.TestRunner.privateRun(TestRunner.java:808)
at org.testng.TestRunner.run(TestRunner.java:603)
at org.testng.SuiteRunner.runTest(SuiteRunner.java:429)
at org.testng.SuiteRunner.runSequentially(SuiteRunner.java:423)
at org.testng.SuiteRunner.privateRun(SuiteRunner.java:383)
at org.testng.SuiteRunner.run(SuiteRunner.java:326)
at org.testng.SuiteRunnerWorker.runSuite(SuiteRunnerWorker.java:52)
at org.testng.SuiteRunnerWorker.run(SuiteRunnerWorker.java:95)
at org.testng.TestNG.runSuitesSequentially(TestNG.java:1249)
at org.testng.TestNG.runSuitesLocally(TestNG.java:1169)
at org.testng.TestNG.runSuites(TestNG.java:1092)
at org.testng.TestNG.run(TestNG.java:1060)
at org.apache.maven.surefire.testng.TestNGExecutor.run(TestNGExecutor.java:308)
at org.apache.maven.surefire.testng.TestNGXmlTestSuite.execute(TestNGXmlTestSuite.java:71)
at org.apache.maven.surefire.testng.TestNGProvider.invoke(TestNGProvider.java:113)
at org.apache.maven.surefire.booter.ForkedBooter.runSuitesInProcess(ForkedBooter.java:385)
at org.apache.maven.surefire.booter.ForkedBooter.execute(ForkedBooter.java:162)
at org.apache.maven.surefire.booter.ForkedBooter.run(ForkedBooter.java:507)
at org.apache.maven.surefire.booter.ForkedBooter.main(ForkedBooter.java:495)
]]>
            </full-stacktrace>
          </exception> <!-- java.lang.AssertionError -->
          <reporter-output>
            <line>
              <![CDATA[Utilizator andreic@vebo.io s-a logat]]>
            </line>
            <line>
              <![CDATA[Debug Bar a fost ascuns]]>
            </line>
            <line>
              <![CDATA[Utilizatorul a navigat cu succes la pagina - Google accounts - iCRM v.37.71]]>
            </line>
            <line>
              <![CDATA[No matching records found]]>
            </line>
          </reporter-output>
        </test-method> <!-- signIn -->
        <test-method is-config="true" signature="tearDown()[pri:0, instance:com.crm.GoogleAccounts.Search@5223e5ee]" started-at="2025-02-24T17:20:41 EET" name="tearDown" finished-at="2025-02-24T17:20:41 EET" duration-ms="117" status="PASS">
          <reporter-output>
          </reporter-output>
        </test-method> <!-- tearDown -->
      </class> <!-- com.crm.GoogleAccounts.Search -->
    </test> <!-- Google Accounts Test -->
  </suite> <!-- Test CRM AUTO -->
</testng-results>
