<?xml version="1.0" encoding="UTF-8"?>
<testng-results ignored="0" total="2" passed="2" failed="0" skipped="0">
  <reporter-output>
    <line>
      <![CDATA[Debug Bar a fost ascuns]]>
    </line>
    <line>
      <![CDATA[Cont creat și verificat cu succes]]>
    </line>
    <line>
      <![CDATA[Debug Bar a fost ascuns]]>
    </line>
  </reporter-output>
  <suite started-at="2025-04-16T15:06:17 EEST" name="Test CRM Suite " finished-at="2025-04-16T15:07:02 EEST" duration-ms="45038">
    <groups>
    </groups>
    <test started-at="2025-04-16T15:06:17 EEST" name="Google Accounts Test" finished-at="2025-04-16T15:07:02 EEST" duration-ms="45038">
      <class name="com.crm.GoogleAccounts.FindAndDeleteGoogleAccountTest">
        <test-method is-config="true" signature="setUp()[pri:0, instance:com.crm.GoogleAccounts.FindAndDeleteGoogleAccountTest@18b0930f]" started-at="2025-04-16T15:06:41 EEST" name="setUp" finished-at="2025-04-16T15:06:43 EEST" duration-ms="1733" status="PASS">
          <reporter-output>
          </reporter-output>
        </test-method> <!-- setUp -->
        <test-method signature="signIn(java.lang.String,java.lang.String)[pri:0, instance:com.crm.GoogleAccounts.FindAndDeleteGoogleAccountTest@18b0930f]" started-at="2025-04-16T15:06:43 EEST" name="signIn" data-provider="GlobalCred" finished-at="2025-04-16T15:07:02 EEST" duration-ms="19004" status="PASS">
          <params>
            <param index="0">
              <value>
                <![CDATA[victor.cristea@vebo.io]]>
              </value>
            </param>
            <param index="1">
              <value>
                <![CDATA[j8L3pc5hJ20Sjn10Lp!]]>
              </value>
            </param>
          </params>
          <reporter-output>
            <line>
              <![CDATA[Debug Bar a fost ascuns]]>
            </line>
          </reporter-output>
        </test-method> <!-- signIn -->
        <test-method is-config="true" signature="tearDown()[pri:0, instance:com.crm.GoogleAccounts.FindAndDeleteGoogleAccountTest@18b0930f]" started-at="2025-04-16T15:07:02 EEST" name="tearDown" finished-at="2025-04-16T15:07:02 EEST" duration-ms="76" status="PASS">
          <reporter-output>
          </reporter-output>
        </test-method> <!-- tearDown -->
      </class> <!-- com.crm.GoogleAccounts.FindAndDeleteGoogleAccountTest -->
      <class name="com.crm.GoogleAccounts.CreateGoogleAccountTest">
        <test-method is-config="true" signature="setUp()[pri:0, instance:com.crm.GoogleAccounts.CreateGoogleAccountTest@35e5d0e5]" started-at="2025-04-16T15:06:17 EEST" name="setUp" finished-at="2025-04-16T15:06:20 EEST" duration-ms="2482" status="PASS">
          <reporter-output>
          </reporter-output>
        </test-method> <!-- setUp -->
        <test-method signature="signIn(java.lang.String,java.lang.String)[pri:0, instance:com.crm.GoogleAccounts.CreateGoogleAccountTest@35e5d0e5]" started-at="2025-04-16T15:06:20 EEST" name="signIn" data-provider="GlobalCred" finished-at="2025-04-16T15:06:41 EEST" duration-ms="21476" status="PASS">
          <params>
            <param index="0">
              <value>
                <![CDATA[victor.cristea@vebo.io]]>
              </value>
            </param>
            <param index="1">
              <value>
                <![CDATA[j8L3pc5hJ20Sjn10Lp!]]>
              </value>
            </param>
          </params>
          <reporter-output>
            <line>
              <![CDATA[Debug Bar a fost ascuns]]>
            </line>
            <line>
              <![CDATA[Cont creat și verificat cu succes]]>
            </line>
          </reporter-output>
        </test-method> <!-- signIn -->
        <test-method is-config="true" signature="tearDown()[pri:0, instance:com.crm.GoogleAccounts.CreateGoogleAccountTest@35e5d0e5]" started-at="2025-04-16T15:06:41 EEST" name="tearDown" finished-at="2025-04-16T15:06:41 EEST" duration-ms="83" status="PASS">
          <reporter-output>
          </reporter-output>
        </test-method> <!-- tearDown -->
      </class> <!-- com.crm.GoogleAccounts.CreateGoogleAccountTest -->
    </test> <!-- Google Accounts Test -->
  </suite> <!-- Test CRM Suite  -->
</testng-results>
