<?xml version="1.0" encoding="UTF-8"?>
<testsuite name="TestNGTest-18be750b-bcea-4bbb-bea7-8535d575bae9"
           tests="2"
           failures="0"
           errors="0"
           skipped="0"
           time="214.556">
    <properties></properties>



            <testcase
                name="signIn"
                time="107.379"
                classname="com.crm.TestAccountProxy">
            </testcase>
            <testcase
                name="signIn"
                time="107.177"
                classname="com.crm.TestAccountProxy">
            </testcase>
</testsuite>
